<?xml version="1.0" encoding="UTF-8"?>
<robot generator="Robot 5.0b1 (Python 3.9.9 on darwin)" generated="20220428 10:23:10.579" rpa="false" schemaversion="3">
<suite id="s1" name="Exchange" source="/Users/sumods/Desktop/wazirx-test-automation-suite-master/TestSuites/MobileApplicationTest/Exchange.robot">
<kw name="Begin With BrowserStack" library="Common-Keywords" type="SETUP">
<kw name="Launch App" library="Common-Keywords">
<kw name="Run Keyword If" library="BuiltIn">
<arg>'${Login_Type}'=='LOCAL'</arg>
<arg>Launch WazirX Application</arg>
<doc>Runs the given keyword with the given arguments, if ``condition`` is true.</doc>
<status status="PASS" starttime="20220428 10:23:11.224" endtime="20220428 10:23:11.225"/>
</kw>
<kw name="Run Keyword If" library="BuiltIn">
<arg>'${Login_Type}'=='BROWSERSTACK'</arg>
<arg>Launch App In BrowserStack</arg>
<doc>Runs the given keyword with the given arguments, if ``condition`` is true.</doc>
<kw name="Launch App In BrowserStack" library="Common-Keywords">
<kw name="Open Application" library="AppiumLibrary">
<arg>http://trupti45:9fNqHzpy9EooAfU5wqDW@hub-cloud.browserstack.com/wd/hub</arg>
<arg>realMobile=true</arg>
<arg>device=${BrowserStackDeviceName}</arg>
<arg>app=bs://b2e1a6e233cabdab7bff0f503c1c5a5e62905d04</arg>
<arg>platformName=${PlatformName}</arg>
<arg>platformVersion=${PlatformVersion}</arg>
<arg>project=WazirX</arg>
<arg>build=${buildversion}</arg>
<arg>browserstack.maskCommands=setValues,getValues,setCookies,getCookies</arg>
<doc>Opens a new application to given Appium server.
Capabilities of appium server, Android and iOS,
Please check https://github.com/appium/appium/blob/master/docs/en/writing-running-appium/server-args.md
| *Option*            | *Man.* | *Description*     |
| remote_url          | Yes    | Appium server url |
| alias               | no     | alias             |</doc>
<status status="PASS" starttime="20220428 10:23:11.226" endtime="20220428 10:23:29.465"/>
</kw>
<status status="PASS" starttime="20220428 10:23:11.225" endtime="20220428 10:23:29.465"/>
</kw>
<status status="PASS" starttime="20220428 10:23:11.225" endtime="20220428 10:23:29.465"/>
</kw>
<status status="PASS" starttime="20220428 10:23:11.224" endtime="20220428 10:23:29.465"/>
</kw>
<kw name="Login Wazirx Application" library="Common-Keywords">
<kw name="Login" library="Common-Keywords">
<arg>${Email}</arg>
<arg>${Password}</arg>
<doc>This keyword will Login to Account</doc>
<kw name="Run Keyword If" library="BuiltIn">
<arg>'${Settings}'=='id=com.wrx.wazirx.stage:id/toolbar_button_settings'</arg>
<arg>Goto SettingsLogin</arg>
<arg>ELSE</arg>
<arg>Goto ProcessLogin</arg>
<doc>Runs the given keyword with the given arguments, if ``condition`` is true.</doc>
<kw name="Goto SettingsLogin" library="Common-Keywords">
<kw name="Wait Until Keyword Succeeds" library="BuiltIn">
<arg>${RetryMaxCount}</arg>
<arg>${RetryIntervalMax}</arg>
<arg>wait until element is visible</arg>
<arg>${Settings}</arg>
<doc>Runs the specified keyword and retries if it fails.</doc>
<kw name="Wait Until Element Is Visible" library="AppiumLibrary">
<arg>${Settings}</arg>
<doc>Waits until element specified with `locator` is visible.</doc>
<status status="PASS" starttime="20220428 10:23:29.468" endtime="20220428 10:23:29.903"/>
</kw>
<status status="PASS" starttime="20220428 10:23:29.467" endtime="20220428 10:23:29.903"/>
</kw>
<kw name="Wait Until Keyword Succeeds" library="BuiltIn">
<arg>${RetryMaxCount}</arg>
<arg>${RetryIntervalMax}</arg>
<arg>click element</arg>
<arg>${Settings}</arg>
<doc>Runs the specified keyword and retries if it fails.</doc>
<kw name="Click Element" library="AppiumLibrary">
<arg>${Settings}</arg>
<doc>Click element identified by `locator`.</doc>
<msg timestamp="20220428 10:23:29.921" level="INFO">Clicking element 'id=com.wrx.wazirx.stage:id/toolbar_button_settings'.</msg>
<status status="PASS" starttime="20220428 10:23:29.905" endtime="20220428 10:23:30.038"/>
</kw>
<status status="PASS" starttime="20220428 10:23:29.904" endtime="20220428 10:23:30.038"/>
</kw>
<kw name="Wait Until Keyword Succeeds" library="BuiltIn">
<arg>${RetryMaxCount}</arg>
<arg>${RetryIntervalMax}</arg>
<arg>wait until element is visible</arg>
<arg>${Login}</arg>
<doc>Runs the specified keyword and retries if it fails.</doc>
<kw name="Wait Until Element Is Visible" library="AppiumLibrary">
<arg>${Login}</arg>
<doc>Waits until element specified with `locator` is visible.</doc>
<status status="PASS" starttime="20220428 10:23:30.039" endtime="20220428 10:23:31.408"/>
</kw>
<status status="PASS" starttime="20220428 10:23:30.039" endtime="20220428 10:23:31.408"/>
</kw>
<kw name="Wait Until Keyword Succeeds" library="BuiltIn">
<arg>${RetryMinCount}</arg>
<arg>${RetryIntervalMin}</arg>
<arg>click element</arg>
<arg>${Login}</arg>
<doc>Runs the specified keyword and retries if it fails.</doc>
<kw name="Click Element" library="AppiumLibrary">
<arg>${Login}</arg>
<doc>Click element identified by `locator`.</doc>
<msg timestamp="20220428 10:23:31.418" level="INFO">Clicking element 'id=com.wrx.wazirx.stage:id/login_btn'.</msg>
<status status="PASS" starttime="20220428 10:23:31.409" endtime="20220428 10:23:31.525"/>
</kw>
<status status="PASS" starttime="20220428 10:23:31.409" endtime="20220428 10:23:31.525"/>
</kw>
<kw name="Wait Until Keyword Succeeds" library="BuiltIn">
<arg>${RetryMinCount}</arg>
<arg>${RetryIntervalMin}</arg>
<arg>input text</arg>
<arg>${UserName}</arg>
<arg>${Email}</arg>
<doc>Runs the specified keyword and retries if it fails.</doc>
<kw name="Input Text" library="AppiumLibrary">
<arg>${UserName}</arg>
<arg>${Email}</arg>
<doc>Types the given `text` into text field identified by `locator`.</doc>
<msg timestamp="20220428 10:23:31.538" level="INFO">Typing text 'qaautomation@wazirx.com' into text field 'id=com.wrx.wazirx.stage:id/username'</msg>
<status status="PASS" starttime="20220428 10:23:31.527" endtime="20220428 10:23:33.484"/>
</kw>
<status status="PASS" starttime="20220428 10:23:31.526" endtime="20220428 10:23:33.484"/>
</kw>
<kw name="Wait Until Keyword Succeeds" library="BuiltIn">
<arg>${RetryMinCount}</arg>
<arg>${RetryIntervalMin}</arg>
<arg>input password</arg>
<arg>${PasswordKey}</arg>
<arg>${Password}</arg>
<doc>Runs the specified keyword and retries if it fails.</doc>
<kw name="Input Password" library="AppiumLibrary">
<arg>${PasswordKey}</arg>
<arg>${Password}</arg>
<doc>Types the given password into text field identified by `locator`.</doc>
<msg timestamp="20220428 10:23:33.502" level="INFO">Typing password into text field 'id=com.wrx.wazirx.stage:id/password'</msg>
<status status="PASS" starttime="20220428 10:23:33.486" endtime="20220428 10:23:34.045"/>
</kw>
<status status="PASS" starttime="20220428 10:23:33.484" endtime="20220428 10:23:34.045"/>
</kw>
<kw name="Wait Until Keyword Succeeds" library="BuiltIn">
<arg>${RetryMinCount}</arg>
<arg>${RetryIntervalMin}</arg>
<arg>click element</arg>
<arg>${Submit}</arg>
<doc>Runs the specified keyword and retries if it fails.</doc>
<kw name="Click Element" library="AppiumLibrary">
<arg>${Submit}</arg>
<doc>Click element identified by `locator`.</doc>
<msg timestamp="20220428 10:23:34.063" level="INFO">Clicking element 'id=com.wrx.wazirx.stage:id/login_btn'.</msg>
<status status="PASS" starttime="20220428 10:23:34.047" endtime="20220428 10:23:34.677"/>
</kw>
<status status="PASS" starttime="20220428 10:23:34.046" endtime="20220428 10:23:34.677"/>
</kw>
<status status="PASS" starttime="20220428 10:23:29.467" endtime="20220428 10:23:34.678"/>
</kw>
<status status="PASS" starttime="20220428 10:23:29.466" endtime="20220428 10:23:34.678"/>
</kw>
<status status="PASS" starttime="20220428 10:23:29.466" endtime="20220428 10:23:34.678"/>
</kw>
<kw name="Sleep" library="BuiltIn">
<arg>2s</arg>
<doc>Pauses the test executed for the given time.</doc>
<msg timestamp="20220428 10:23:36.679" level="INFO">Slept 2 seconds</msg>
<status status="PASS" starttime="20220428 10:23:34.678" endtime="20220428 10:23:36.679"/>
</kw>
<kw name="Authenticator OTP" library="Common-Keywords">
<kw name="authenticator otp" library="CustomLibrary.CustomLib">
<var>${AuthOTP}</var>
<arg>${Authcode}</arg>
<msg timestamp="20220428 10:23:36.685" level="INFO">${AuthOTP} = 334238</msg>
<status status="PASS" starttime="20220428 10:23:36.680" endtime="20220428 10:23:36.685"/>
</kw>
<kw name="Sleep" library="BuiltIn">
<arg>3s</arg>
<doc>Pauses the test executed for the given time.</doc>
<msg timestamp="20220428 10:23:39.687" level="INFO">Slept 3 seconds</msg>
<status status="PASS" starttime="20220428 10:23:36.685" endtime="20220428 10:23:39.687"/>
</kw>
<kw name="Wait Until Keyword Succeeds" library="BuiltIn">
<arg>${RetryMaxCount}</arg>
<arg>${RetryIntervalMax}</arg>
<arg>input text</arg>
<arg>${OTP}</arg>
<arg>${AuthOTP}</arg>
<doc>Runs the specified keyword and retries if it fails.</doc>
<kw name="Input Text" library="AppiumLibrary">
<arg>${OTP}</arg>
<arg>${AuthOTP}</arg>
<doc>Types the given `text` into text field identified by `locator`.</doc>
<msg timestamp="20220428 10:23:39.705" level="INFO">Typing text '334238' into text field 'id=com.wrx.wazirx.stage:id/otp_field'</msg>
<status status="PASS" starttime="20220428 10:23:39.689" endtime="20220428 10:23:40.379"/>
</kw>
<status status="PASS" starttime="20220428 10:23:39.688" endtime="20220428 10:23:40.379"/>
</kw>
<kw name="Sleep" library="BuiltIn">
<arg>2s</arg>
<doc>Pauses the test executed for the given time.</doc>
<msg timestamp="20220428 10:23:42.381" level="INFO">Slept 2 seconds</msg>
<status status="PASS" starttime="20220428 10:23:40.380" endtime="20220428 10:23:42.381"/>
</kw>
<kw name="Wait Until Keyword Succeeds" library="BuiltIn">
<arg>${RetryMaxCount}</arg>
<arg>${RetryIntervalMax}</arg>
<arg>click element</arg>
<arg>${Authenticate}</arg>
<doc>Runs the specified keyword and retries if it fails.</doc>
<kw name="Click Element" library="AppiumLibrary">
<arg>${Authenticate}</arg>
<doc>Click element identified by `locator`.</doc>
<msg timestamp="20220428 10:23:42.400" level="INFO">Clicking element 'id=com.wrx.wazirx.stage:id/otp_verify_button'.</msg>
<status status="PASS" starttime="20220428 10:23:42.383" endtime="20220428 10:23:42.562"/>
</kw>
<status status="PASS" starttime="20220428 10:23:42.382" endtime="20220428 10:23:42.562"/>
</kw>
<status status="PASS" starttime="20220428 10:23:36.680" endtime="20220428 10:23:42.562"/>
</kw>
<kw name="Sleep" library="BuiltIn">
<arg>3s</arg>
<doc>Pauses the test executed for the given time.</doc>
<msg timestamp="20220428 10:23:45.564" level="INFO">Slept 3 seconds</msg>
<status status="PASS" starttime="20220428 10:23:42.563" endtime="20220428 10:23:45.564"/>
</kw>
<kw name="Goto HomePage" library="Common-Keywords">
<kw name="Run Keyword And Return Status" library="BuiltIn">
<var>${Status}</var>
<arg>wait until keyword succeeds</arg>
<arg>${RetryMinCount}</arg>
<arg>${RetryIntervalMin}</arg>
<arg>page should contain element</arg>
<arg>${SettingsBackButton}</arg>
<doc>Runs the given keyword with given arguments and returns the status as a Boolean value.</doc>
<kw name="Wait Until Keyword Succeeds" library="BuiltIn">
<arg>${RetryMinCount}</arg>
<arg>${RetryIntervalMin}</arg>
<arg>page should contain element</arg>
<arg>${SettingsBackButton}</arg>
<doc>Runs the specified keyword and retries if it fails.</doc>
<kw name="Page Should Contain Element" library="AppiumLibrary">
<arg>${SettingsBackButton}</arg>
<doc>Verifies that current page contains `locator` element.</doc>
<kw name="Capture Page Screenshot" library="AppiumLibrary">
<doc>Takes a screenshot of the current page and embeds it into the log.</doc>
<msg timestamp="20220428 10:23:46.548" level="INFO" html="true">&lt;/td&gt;&lt;/tr&gt;&lt;tr&gt;&lt;td colspan="3"&gt;&lt;a href="appium-screenshot-1.png"&gt;&lt;img src="appium-screenshot-1.png" width="800px"&gt;&lt;/a&gt;</msg>
<status status="PASS" starttime="20220428 10:23:46.240" endtime="20220428 10:23:46.548"/>
</kw>
<msg timestamp="20220428 10:23:46.550" level="FAIL">Page should have contained element 'id=com.wrx.wazirx.stage:id/toolbar_button_back' but did not</msg>
<status status="FAIL" starttime="20220428 10:23:45.568" endtime="20220428 10:23:46.550"/>
</kw>
<kw name="Page Should Contain Element" library="AppiumLibrary">
<arg>${SettingsBackButton}</arg>
<doc>Verifies that current page contains `locator` element.</doc>
<kw name="Capture Page Screenshot" library="AppiumLibrary">
<doc>Takes a screenshot of the current page and embeds it into the log.</doc>
<msg timestamp="20220428 10:24:02.061" level="INFO" html="true">&lt;/td&gt;&lt;/tr&gt;&lt;tr&gt;&lt;td colspan="3"&gt;&lt;a href="appium-screenshot-2.png"&gt;&lt;img src="appium-screenshot-2.png" width="800px"&gt;&lt;/a&gt;</msg>
<status status="PASS" starttime="20220428 10:24:01.683" endtime="20220428 10:24:02.061"/>
</kw>
<msg timestamp="20220428 10:24:02.062" level="FAIL">Page should have contained element 'id=com.wrx.wazirx.stage:id/toolbar_button_back' but did not</msg>
<status status="FAIL" starttime="20220428 10:24:01.552" endtime="20220428 10:24:02.062"/>
</kw>
<msg timestamp="20220428 10:24:02.063" level="FAIL">Keyword 'page should contain element' failed after retrying for 5 seconds. The last error was: Page should have contained element 'id=com.wrx.wazirx.stage:id/toolbar_button_back' but did not</msg>
<status status="FAIL" starttime="20220428 10:23:45.566" endtime="20220428 10:24:02.064"/>
</kw>
<msg timestamp="20220428 10:24:02.064" level="INFO">${Status} = False</msg>
<status status="PASS" starttime="20220428 10:23:45.566" endtime="20220428 10:24:02.064"/>
</kw>
<kw name="Run Keyword If" library="BuiltIn">
<arg>'${Status}'=='True'</arg>
<arg>click element</arg>
<arg>${SettingsBackButton}</arg>
<doc>Runs the given keyword with the given arguments, if ``condition`` is true.</doc>
<status status="PASS" starttime="20220428 10:24:02.065" endtime="20220428 10:24:02.065"/>
</kw>
<status status="PASS" starttime="20220428 10:23:45.565" endtime="20220428 10:24:02.066"/>
</kw>
<kw name="Initialized Base and Quote" library="Common-Keywords">
<arg>${Market}</arg>
<kw name="Run Keyword If" library="BuiltIn">
<arg>"${Market}" == 'INR'</arg>
<arg>select INR tab</arg>
<doc>Runs the given keyword with the given arguments, if ``condition`` is true.</doc>
<kw name="select INR tab" library="Common-Keywords">
<kw name="Set Variable" library="BuiltIn">
<var>${Market}</var>
<arg>${EXINR}</arg>
<doc>Returns the given values which can then be assigned to a variables.</doc>
<msg timestamp="20220428 10:24:02.069" level="INFO">${Market} = xpath=//android.widget.TextView[@text='INR']</msg>
<status status="PASS" starttime="20220428 10:24:02.068" endtime="20220428 10:24:02.069"/>
</kw>
<kw name="Set Variable" library="BuiltIn">
<var>${Market_type}</var>
<arg>INR</arg>
<doc>Returns the given values which can then be assigned to a variables.</doc>
<msg timestamp="20220428 10:24:02.070" level="INFO">${Market_type} = INR</msg>
<status status="PASS" starttime="20220428 10:24:02.069" endtime="20220428 10:24:02.070"/>
</kw>
<kw name="Set Variable" library="BuiltIn">
<var>${min_Buy_value}</var>
<arg>Minimum buy amount must be worth 50.0 INR</arg>
<doc>Returns the given values which can then be assigned to a variables.</doc>
<msg timestamp="20220428 10:24:02.070" level="INFO">${min_Buy_value} = Minimum buy amount must be worth 50.0 INR</msg>
<status status="PASS" starttime="20220428 10:24:02.070" endtime="20220428 10:24:02.070"/>
</kw>
<kw name="Set Variable" library="BuiltIn">
<var>${min_sell_value}</var>
<arg>Minimum sell amount must be worth 50.0 INR</arg>
<doc>Returns the given values which can then be assigned to a variables.</doc>
<msg timestamp="20220428 10:24:02.071" level="INFO">${min_sell_value} = Minimum sell amount must be worth 50.0 INR</msg>
<status status="PASS" starttime="20220428 10:24:02.071" endtime="20220428 10:24:02.071"/>
</kw>
<kw name="Set Global Variable" library="BuiltIn">
<arg>${Market}</arg>
<doc>Makes a variable available globally in all tests and suites.</doc>
<msg timestamp="20220428 10:24:02.072" level="INFO">${Market} = xpath=//android.widget.TextView[@text='INR']</msg>
<status status="PASS" starttime="20220428 10:24:02.072" endtime="20220428 10:24:02.072"/>
</kw>
<kw name="Set Global Variable" library="BuiltIn">
<arg>${Market_type}</arg>
<doc>Makes a variable available globally in all tests and suites.</doc>
<msg timestamp="20220428 10:24:02.075" level="INFO">${Market_type} = INR</msg>
<status status="PASS" starttime="20220428 10:24:02.073" endtime="20220428 10:24:02.075"/>
</kw>
<kw name="Set Global Variable" library="BuiltIn">
<arg>${min_Buy_value}</arg>
<doc>Makes a variable available globally in all tests and suites.</doc>
<msg timestamp="20220428 10:24:02.076" level="INFO">${min_Buy_value} = Minimum buy amount must be worth 50.0 INR</msg>
<status status="PASS" starttime="20220428 10:24:02.075" endtime="20220428 10:24:02.076"/>
</kw>
<kw name="Set Global Variable" library="BuiltIn">
<arg>${min_sell_value}</arg>
<doc>Makes a variable available globally in all tests and suites.</doc>
<msg timestamp="20220428 10:24:02.077" level="INFO">${min_sell_value} = Minimum sell amount must be worth 50.0 INR</msg>
<status status="PASS" starttime="20220428 10:24:02.076" endtime="20220428 10:24:02.077"/>
</kw>
<kw name="Goto INRTab" library="Exchange-Keywords">
<kw name="Run Keyword And Return Status" library="BuiltIn">
<var>${Status}</var>
<arg>wait until keyword succeeds</arg>
<arg>${RetryMaxCount}</arg>
<arg>${RetryIntervalMax}</arg>
<arg>page should contain element</arg>
<arg>${EXINR}</arg>
<doc>Runs the given keyword with given arguments and returns the status as a Boolean value.</doc>
<kw name="Wait Until Keyword Succeeds" library="BuiltIn">
<arg>${RetryMaxCount}</arg>
<arg>${RetryIntervalMax}</arg>
<arg>page should contain element</arg>
<arg>${EXINR}</arg>
<doc>Runs the specified keyword and retries if it fails.</doc>
<kw name="Page Should Contain Element" library="AppiumLibrary">
<arg>${EXINR}</arg>
<doc>Verifies that current page contains `locator` element.</doc>
<msg timestamp="20220428 10:24:02.308" level="INFO">Current page contains element 'xpath=//android.widget.TextView[@text='INR']'.</msg>
<status status="PASS" starttime="20220428 10:24:02.079" endtime="20220428 10:24:02.308"/>
</kw>
<status status="PASS" starttime="20220428 10:24:02.078" endtime="20220428 10:24:02.308"/>
</kw>
<msg timestamp="20220428 10:24:02.308" level="INFO">${Status} = True</msg>
<status status="PASS" starttime="20220428 10:24:02.078" endtime="20220428 10:24:02.308"/>
</kw>
<kw name="Run Keyword If" library="BuiltIn">
<arg>'${Status}' == 'True'</arg>
<arg>click element</arg>
<arg>${EXINR}</arg>
<doc>Runs the given keyword with the given arguments, if ``condition`` is true.</doc>
<kw name="Click Element" library="AppiumLibrary">
<arg>${EXINR}</arg>
<doc>Click element identified by `locator`.</doc>
<msg timestamp="20220428 10:24:02.320" level="INFO">Clicking element 'xpath=//android.widget.TextView[@text='INR']'.</msg>
<status status="PASS" starttime="20220428 10:24:02.309" endtime="20220428 10:24:02.542"/>
</kw>
<status status="PASS" starttime="20220428 10:24:02.309" endtime="20220428 10:24:02.543"/>
</kw>
<status status="PASS" starttime="20220428 10:24:02.077" endtime="20220428 10:24:02.544"/>
</kw>
<kw name="ScrolldowntillCoin" library="Common-Keywords">
<arg>${Coin}</arg>
<kw name="Sleep" library="BuiltIn">
<arg>2s</arg>
<doc>Pauses the test executed for the given time.</doc>
<msg timestamp="20220428 10:24:04.548" level="INFO">Slept 2 seconds</msg>
<status status="PASS" starttime="20220428 10:24:02.546" endtime="20220428 10:24:04.548"/>
</kw>
<for flavor="IN RANGE">
<var>${i}</var>
<value>0</value>
<value>10</value>
<iter>
<var name="${i}">0</var>
<kw name="Run Keyword And Return Status" library="BuiltIn">
<var>${result}</var>
<arg>wait until keyword succeeds</arg>
<arg>${RetryMinCount}</arg>
<arg>${RetryIntervalMin}</arg>
<arg>wait until element is visible</arg>
<arg>${Coin}</arg>
<doc>Runs the given keyword with given arguments and returns the status as a Boolean value.</doc>
<kw name="Wait Until Keyword Succeeds" library="BuiltIn">
<arg>${RetryMinCount}</arg>
<arg>${RetryIntervalMin}</arg>
<arg>wait until element is visible</arg>
<arg>${Coin}</arg>
<doc>Runs the specified keyword and retries if it fails.</doc>
<kw name="Wait Until Element Is Visible" library="AppiumLibrary">
<arg>${Coin}</arg>
<doc>Waits until element specified with `locator` is visible.</doc>
<status status="PASS" starttime="20220428 10:24:04.551" endtime="20220428 10:24:04.978"/>
</kw>
<status status="PASS" starttime="20220428 10:24:04.550" endtime="20220428 10:24:04.978"/>
</kw>
<msg timestamp="20220428 10:24:04.978" level="INFO">${result} = True</msg>
<status status="PASS" starttime="20220428 10:24:04.549" endtime="20220428 10:24:04.978"/>
</kw>
<kw name="Run Keyword If" library="BuiltIn">
<arg>'${result}' == 'True'</arg>
<arg>click element</arg>
<arg>${Coin}</arg>
<arg>ELSE</arg>
<arg>VerticleDownSwipe</arg>
<doc>Runs the given keyword with the given arguments, if ``condition`` is true.</doc>
<kw name="Click Element" library="AppiumLibrary">
<arg>${Coin}</arg>
<doc>Click element identified by `locator`.</doc>
<msg timestamp="20220428 10:24:04.995" level="INFO">Clicking element 'xpath=//android.widget.TextView[@text='Bitcoin']'.</msg>
<status status="PASS" starttime="20220428 10:24:04.980" endtime="20220428 10:24:05.442"/>
</kw>
<status status="PASS" starttime="20220428 10:24:04.979" endtime="20220428 10:24:05.442"/>
</kw>
<kw name="Exit For Loop If" library="BuiltIn">
<arg>'${result}' == 'True'</arg>
<doc>Stops executing the enclosing FOR loop if the ``condition`` is true.</doc>
<msg timestamp="20220428 10:24:05.444" level="INFO">Exiting for loop altogether.</msg>
<status status="PASS" starttime="20220428 10:24:05.443" endtime="20220428 10:24:05.445"/>
</kw>
<status status="PASS" starttime="20220428 10:24:04.549" endtime="20220428 10:24:05.445"/>
</iter>
<status status="PASS" starttime="20220428 10:24:04.548" endtime="20220428 10:24:05.445"/>
</for>
<status status="PASS" starttime="20220428 10:24:02.544" endtime="20220428 10:24:05.445"/>
</kw>
<status status="PASS" starttime="20220428 10:24:02.068" endtime="20220428 10:24:05.446"/>
</kw>
<status status="PASS" starttime="20220428 10:24:02.067" endtime="20220428 10:24:05.446"/>
</kw>
<kw name="Run Keyword If" library="BuiltIn">
<arg>"${Market}" == 'USDT'</arg>
<arg>select USDT tab</arg>
<doc>Runs the given keyword with the given arguments, if ``condition`` is true.</doc>
<status status="PASS" starttime="20220428 10:24:05.446" endtime="20220428 10:24:05.447"/>
</kw>
<kw name="Run Keyword If" library="BuiltIn">
<arg>"${Market}" == 'WRX'</arg>
<arg>select WRX tab</arg>
<doc>Runs the given keyword with the given arguments, if ``condition`` is true.</doc>
<status status="PASS" starttime="20220428 10:24:05.447" endtime="20220428 10:24:05.448"/>
</kw>
<kw name="Run Keyword If" library="BuiltIn">
<arg>"${Market}" == 'BTC'</arg>
<arg>select BTC tab</arg>
<doc>Runs the given keyword with the given arguments, if ``condition`` is true.</doc>
<status status="PASS" starttime="20220428 10:24:05.448" endtime="20220428 10:24:05.448"/>
</kw>
<status status="PASS" starttime="20220428 10:24:02.066" endtime="20220428 10:24:05.449"/>
</kw>
<status status="PASS" starttime="20220428 10:23:29.465" endtime="20220428 10:24:05.449"/>
</kw>
<status status="PASS" starttime="20220428 10:23:11.224" endtime="20220428 10:24:05.449"/>
</kw>
<test id="s1-t1" name="CoinNavigationTabs" line="19">
<kw name="Goto Charts" library="Exchange-Keywords">
<kw name="Run Keyword And Return Status" library="BuiltIn">
<var>${Status}</var>
<arg>wait until keyword succeeds</arg>
<arg>${RetryMaxCount}</arg>
<arg>${RetryIntervalMax}</arg>
<arg>page should contain element</arg>
<arg>${Charts}</arg>
<doc>Runs the given keyword with given arguments and returns the status as a Boolean value.</doc>
<kw name="Wait Until Keyword Succeeds" library="BuiltIn">
<arg>${RetryMaxCount}</arg>
<arg>${RetryIntervalMax}</arg>
<arg>page should contain element</arg>
<arg>${Charts}</arg>
<doc>Runs the specified keyword and retries if it fails.</doc>
<kw name="Page Should Contain Element" library="AppiumLibrary">
<arg>${Charts}</arg>
<doc>Verifies that current page contains `locator` element.</doc>
<msg timestamp="20220428 10:24:06.572" level="INFO">Current page contains element 'id=com.wrx.wazirx.stage:id/tab_item_charts'.</msg>
<status status="PASS" starttime="20220428 10:24:05.452" endtime="20220428 10:24:06.572"/>
</kw>
<status status="PASS" starttime="20220428 10:24:05.452" endtime="20220428 10:24:06.572"/>
</kw>
<msg timestamp="20220428 10:24:06.572" level="INFO">${Status} = True</msg>
<status status="PASS" starttime="20220428 10:24:05.451" endtime="20220428 10:24:06.572"/>
</kw>
<kw name="Run Keyword If" library="BuiltIn">
<arg>'${Status}' == 'True'</arg>
<arg>click element</arg>
<arg>${Charts}</arg>
<doc>Runs the given keyword with the given arguments, if ``condition`` is true.</doc>
<kw name="Click Element" library="AppiumLibrary">
<arg>${Charts}</arg>
<doc>Click element identified by `locator`.</doc>
<msg timestamp="20220428 10:24:06.584" level="INFO">Clicking element 'id=com.wrx.wazirx.stage:id/tab_item_charts'.</msg>
<status status="PASS" starttime="20220428 10:24:06.573" endtime="20220428 10:24:06.731"/>
</kw>
<status status="PASS" starttime="20220428 10:24:06.573" endtime="20220428 10:24:06.731"/>
</kw>
<status status="PASS" starttime="20220428 10:24:05.451" endtime="20220428 10:24:06.731"/>
</kw>
<kw name="Goto Trades" library="Exchange-Keywords">
<kw name="Run Keyword And Return Status" library="BuiltIn">
<var>${Status}</var>
<arg>wait until keyword succeeds</arg>
<arg>${RetryMaxCount}</arg>
<arg>${RetryIntervalMax}</arg>
<arg>page should contain element</arg>
<arg>${Trades}</arg>
<doc>Runs the given keyword with given arguments and returns the status as a Boolean value.</doc>
<kw name="Wait Until Keyword Succeeds" library="BuiltIn">
<arg>${RetryMaxCount}</arg>
<arg>${RetryIntervalMax}</arg>
<arg>page should contain element</arg>
<arg>${Trades}</arg>
<doc>Runs the specified keyword and retries if it fails.</doc>
<kw name="Page Should Contain Element" library="AppiumLibrary">
<arg>${Trades}</arg>
<doc>Verifies that current page contains `locator` element.</doc>
<msg timestamp="20220428 10:24:07.301" level="INFO">Current page contains element 'id=com.wrx.wazirx.stage:id/tab_item_trades'.</msg>
<status status="PASS" starttime="20220428 10:24:06.735" endtime="20220428 10:24:07.301"/>
</kw>
<status status="PASS" starttime="20220428 10:24:06.734" endtime="20220428 10:24:07.301"/>
</kw>
<msg timestamp="20220428 10:24:07.302" level="INFO">${Status} = True</msg>
<status status="PASS" starttime="20220428 10:24:06.733" endtime="20220428 10:24:07.302"/>
</kw>
<kw name="Run Keyword If" library="BuiltIn">
<arg>'${Status}' == 'True'</arg>
<arg>click element</arg>
<arg>${Trades}</arg>
<doc>Runs the given keyword with the given arguments, if ``condition`` is true.</doc>
<kw name="Click Element" library="AppiumLibrary">
<arg>${Trades}</arg>
<doc>Click element identified by `locator`.</doc>
<msg timestamp="20220428 10:24:07.313" level="INFO">Clicking element 'id=com.wrx.wazirx.stage:id/tab_item_trades'.</msg>
<status status="PASS" starttime="20220428 10:24:07.302" endtime="20220428 10:24:07.469"/>
</kw>
<status status="PASS" starttime="20220428 10:24:07.302" endtime="20220428 10:24:07.469"/>
</kw>
<status status="PASS" starttime="20220428 10:24:06.732" endtime="20220428 10:24:07.470"/>
</kw>
<kw name="Goto MyOrders" library="Exchange-Keywords">
<kw name="Run Keyword And Return Status" library="BuiltIn">
<var>${Status}</var>
<arg>wait until keyword succeeds</arg>
<arg>${RetryMaxCount}</arg>
<arg>${RetryIntervalMax}</arg>
<arg>page should contain element</arg>
<arg>${MyOrders}</arg>
<doc>Runs the given keyword with given arguments and returns the status as a Boolean value.</doc>
<kw name="Wait Until Keyword Succeeds" library="BuiltIn">
<arg>${RetryMaxCount}</arg>
<arg>${RetryIntervalMax}</arg>
<arg>page should contain element</arg>
<arg>${MyOrders}</arg>
<doc>Runs the specified keyword and retries if it fails.</doc>
<kw name="Page Should Contain Element" library="AppiumLibrary">
<arg>${MyOrders}</arg>
<doc>Verifies that current page contains `locator` element.</doc>
<msg timestamp="20220428 10:24:09.002" level="INFO">Current page contains element 'id=com.wrx.wazirx.stage:id/tab_item_my_orders'.</msg>
<status status="PASS" starttime="20220428 10:24:07.472" endtime="20220428 10:24:09.002"/>
</kw>
<status status="PASS" starttime="20220428 10:24:07.471" endtime="20220428 10:24:09.002"/>
</kw>
<msg timestamp="20220428 10:24:09.002" level="INFO">${Status} = True</msg>
<status status="PASS" starttime="20220428 10:24:07.471" endtime="20220428 10:24:09.002"/>
</kw>
<kw name="Run Keyword If" library="BuiltIn">
<arg>'${Status}' == 'True'</arg>
<arg>click element</arg>
<arg>${MyOrders}</arg>
<doc>Runs the given keyword with the given arguments, if ``condition`` is true.</doc>
<kw name="Click Element" library="AppiumLibrary">
<arg>${MyOrders}</arg>
<doc>Click element identified by `locator`.</doc>
<msg timestamp="20220428 10:24:09.013" level="INFO">Clicking element 'id=com.wrx.wazirx.stage:id/tab_item_my_orders'.</msg>
<status status="PASS" starttime="20220428 10:24:09.003" endtime="20220428 10:24:09.223"/>
</kw>
<status status="PASS" starttime="20220428 10:24:09.002" endtime="20220428 10:24:09.223"/>
</kw>
<status status="PASS" starttime="20220428 10:24:07.470" endtime="20220428 10:24:09.224"/>
</kw>
<kw name="Goto Orders" library="Exchange-Keywords">
<kw name="Run Keyword And Return Status" library="BuiltIn">
<var>${Status}</var>
<arg>wait until keyword succeeds</arg>
<arg>${RetryMaxCount}</arg>
<arg>${RetryIntervalMax}</arg>
<arg>page should contain element</arg>
<arg>${Orders}</arg>
<doc>Runs the given keyword with given arguments and returns the status as a Boolean value.</doc>
<kw name="Wait Until Keyword Succeeds" library="BuiltIn">
<arg>${RetryMaxCount}</arg>
<arg>${RetryIntervalMax}</arg>
<arg>page should contain element</arg>
<arg>${Orders}</arg>
<doc>Runs the specified keyword and retries if it fails.</doc>
<kw name="Page Should Contain Element" library="AppiumLibrary">
<arg>${Orders}</arg>
<doc>Verifies that current page contains `locator` element.</doc>
<msg timestamp="20220428 10:24:10.219" level="INFO">Current page contains element 'id=com.wrx.wazirx.stage:id/tab_item_orders'.</msg>
<status status="PASS" starttime="20220428 10:24:09.226" endtime="20220428 10:24:10.219"/>
</kw>
<status status="PASS" starttime="20220428 10:24:09.225" endtime="20220428 10:24:10.219"/>
</kw>
<msg timestamp="20220428 10:24:10.219" level="INFO">${Status} = True</msg>
<status status="PASS" starttime="20220428 10:24:09.225" endtime="20220428 10:24:10.219"/>
</kw>
<kw name="Run Keyword If" library="BuiltIn">
<arg>'${Status}' == 'True'</arg>
<arg>click element</arg>
<arg>${Orders}</arg>
<doc>Runs the given keyword with the given arguments, if ``condition`` is true.</doc>
<kw name="Click Element" library="AppiumLibrary">
<arg>${Orders}</arg>
<doc>Click element identified by `locator`.</doc>
<msg timestamp="20220428 10:24:10.231" level="INFO">Clicking element 'id=com.wrx.wazirx.stage:id/tab_item_orders'.</msg>
<status status="PASS" starttime="20220428 10:24:10.220" endtime="20220428 10:24:10.396"/>
</kw>
<status status="PASS" starttime="20220428 10:24:10.219" endtime="20220428 10:24:10.396"/>
</kw>
<status status="PASS" starttime="20220428 10:24:09.224" endtime="20220428 10:24:10.397"/>
</kw>
<tag>Exchange</tag>
<tag>Sanity</tag>
<status status="PASS" starttime="20220428 10:24:05.450" endtime="20220428 10:24:10.397"/>
</test>
<test id="s1-t2" name="LimitBuyOrder" line="27">
<kw name="orderplacing LimitBuy" library="Exchange-Keywords">
<arg>${Market}</arg>
<arg>${Coin}</arg>
<arg>${at_price_value_input}</arg>
<arg>${amount_value_input}</arg>
<kw name="Goto BuySellTray" library="Exchange-Keywords">
<kw name="Run Keyword And Return Status" library="BuiltIn">
<var>${Status}</var>
<arg>wait until keyword succeeds</arg>
<arg>${RetryMaxCount}</arg>
<arg>${RetryIntervalMax}</arg>
<arg>page should contain element</arg>
<arg>${Buy/Sell}</arg>
<doc>Runs the given keyword with given arguments and returns the status as a Boolean value.</doc>
<kw name="Wait Until Keyword Succeeds" library="BuiltIn">
<arg>${RetryMaxCount}</arg>
<arg>${RetryIntervalMax}</arg>
<arg>page should contain element</arg>
<arg>${Buy/Sell}</arg>
<doc>Runs the specified keyword and retries if it fails.</doc>
<kw name="Page Should Contain Element" library="AppiumLibrary">
<arg>${Buy/Sell}</arg>
<doc>Verifies that current page contains `locator` element.</doc>
<msg timestamp="20220428 10:24:11.795" level="INFO">Current page contains element 'id=com.wrx.wazirx.stage:id/tab_item_buy_sell'.</msg>
<status status="PASS" starttime="20220428 10:24:10.403" endtime="20220428 10:24:11.795"/>
</kw>
<status status="PASS" starttime="20220428 10:24:10.402" endtime="20220428 10:24:11.796"/>
</kw>
<msg timestamp="20220428 10:24:11.796" level="INFO">${Status} = True</msg>
<status status="PASS" starttime="20220428 10:24:10.402" endtime="20220428 10:24:11.796"/>
</kw>
<kw name="Run Keyword If" library="BuiltIn">
<arg>'${Status}' == 'True'</arg>
<arg>click element</arg>
<arg>${Buy/Sell}</arg>
<doc>Runs the given keyword with the given arguments, if ``condition`` is true.</doc>
<kw name="Click Element" library="AppiumLibrary">
<arg>${Buy/Sell}</arg>
<doc>Click element identified by `locator`.</doc>
<msg timestamp="20220428 10:24:11.807" level="INFO">Clicking element 'id=com.wrx.wazirx.stage:id/tab_item_buy_sell'.</msg>
<status status="PASS" starttime="20220428 10:24:11.797" endtime="20220428 10:24:11.966"/>
</kw>
<status status="PASS" starttime="20220428 10:24:11.796" endtime="20220428 10:24:11.966"/>
</kw>
<status status="PASS" starttime="20220428 10:24:10.401" endtime="20220428 10:24:11.966"/>
</kw>
<kw name="Run Keyword And Return Status" library="BuiltIn">
<var>${Status}</var>
<arg>wait until keyword succeeds</arg>
<arg>${RetryMaxCount}</arg>
<arg>${RetryIntervalMax}</arg>
<arg>page should contain element</arg>
<arg>${Buy}</arg>
<doc>Runs the given keyword with given arguments and returns the status as a Boolean value.</doc>
<kw name="Wait Until Keyword Succeeds" library="BuiltIn">
<arg>${RetryMaxCount}</arg>
<arg>${RetryIntervalMax}</arg>
<arg>page should contain element</arg>
<arg>${Buy}</arg>
<doc>Runs the specified keyword and retries if it fails.</doc>
<kw name="Page Should Contain Element" library="AppiumLibrary">
<arg>${Buy}</arg>
<doc>Verifies that current page contains `locator` element.</doc>
<kw name="Capture Page Screenshot" library="AppiumLibrary">
<doc>Takes a screenshot of the current page and embeds it into the log.</doc>
<msg timestamp="20220428 10:24:12.881" level="INFO" html="true">&lt;/td&gt;&lt;/tr&gt;&lt;tr&gt;&lt;td colspan="3"&gt;&lt;a href="appium-screenshot-3.png"&gt;&lt;img src="appium-screenshot-3.png" width="800px"&gt;&lt;/a&gt;</msg>
<status status="PASS" starttime="20220428 10:24:12.531" endtime="20220428 10:24:12.882"/>
</kw>
<msg timestamp="20220428 10:24:12.883" level="FAIL">Page should have contained element 'id=com.wrx.wazirx.stage:id/bns_form_header_buy_container' but did not</msg>
<status status="FAIL" starttime="20220428 10:24:11.969" endtime="20220428 10:24:12.883"/>
</kw>
<kw name="Page Should Contain Element" library="AppiumLibrary">
<arg>${Buy}</arg>
<doc>Verifies that current page contains `locator` element.</doc>
<msg timestamp="20220428 10:24:33.019" level="INFO">Current page contains element 'id=com.wrx.wazirx.stage:id/bns_form_header_buy_container'.</msg>
<status status="PASS" starttime="20220428 10:24:32.885" endtime="20220428 10:24:33.019"/>
</kw>
<status status="PASS" starttime="20220428 10:24:11.968" endtime="20220428 10:24:33.019"/>
</kw>
<msg timestamp="20220428 10:24:33.019" level="INFO">${Status} = True</msg>
<status status="PASS" starttime="20220428 10:24:11.967" endtime="20220428 10:24:33.019"/>
</kw>
<kw name="Run Keyword If" library="BuiltIn">
<arg>'${Status}' == 'True'</arg>
<arg>click element</arg>
<arg>${Buy}</arg>
<doc>Runs the given keyword with the given arguments, if ``condition`` is true.</doc>
<kw name="Click Element" library="AppiumLibrary">
<arg>${Buy}</arg>
<doc>Click element identified by `locator`.</doc>
<msg timestamp="20220428 10:24:33.031" level="INFO">Clicking element 'id=com.wrx.wazirx.stage:id/bns_form_header_buy_container'.</msg>
<status status="PASS" starttime="20220428 10:24:33.020" endtime="20220428 10:24:33.174"/>
</kw>
<status status="PASS" starttime="20220428 10:24:33.019" endtime="20220428 10:24:33.174"/>
</kw>
<kw name="Run Keyword And Return Status" library="BuiltIn">
<var>${Status}</var>
<arg>wait until keyword succeeds</arg>
<arg>${RetryMaxCount}</arg>
<arg>${RetryIntervalMax}</arg>
<arg>page should contain element</arg>
<arg>${Price}</arg>
<doc>Runs the given keyword with given arguments and returns the status as a Boolean value.</doc>
<kw name="Wait Until Keyword Succeeds" library="BuiltIn">
<arg>${RetryMaxCount}</arg>
<arg>${RetryIntervalMax}</arg>
<arg>page should contain element</arg>
<arg>${Price}</arg>
<doc>Runs the specified keyword and retries if it fails.</doc>
<kw name="Page Should Contain Element" library="AppiumLibrary">
<arg>${Price}</arg>
<doc>Verifies that current page contains `locator` element.</doc>
<msg timestamp="20220428 10:24:33.700" level="INFO">Current page contains element 'id=com.wrx.wazirx.stage:id/bns_form_price'.</msg>
<status status="PASS" starttime="20220428 10:24:33.177" endtime="20220428 10:24:33.700"/>
</kw>
<status status="PASS" starttime="20220428 10:24:33.176" endtime="20220428 10:24:33.700"/>
</kw>
<msg timestamp="20220428 10:24:33.700" level="INFO">${Status} = True</msg>
<status status="PASS" starttime="20220428 10:24:33.175" endtime="20220428 10:24:33.701"/>
</kw>
<kw name="Run Keyword If" library="BuiltIn">
<arg>'${Status}' == 'True'</arg>
<arg>click element</arg>
<arg>${Price}</arg>
<doc>Runs the given keyword with the given arguments, if ``condition`` is true.</doc>
<kw name="Click Element" library="AppiumLibrary">
<arg>${Price}</arg>
<doc>Click element identified by `locator`.</doc>
<msg timestamp="20220428 10:24:33.711" level="INFO">Clicking element 'id=com.wrx.wazirx.stage:id/bns_form_price'.</msg>
<status status="PASS" starttime="20220428 10:24:33.701" endtime="20220428 10:24:33.913"/>
</kw>
<status status="PASS" starttime="20220428 10:24:33.701" endtime="20220428 10:24:33.913"/>
</kw>
<kw name="Wait Until Keyword Succeeds" library="BuiltIn">
<arg>${RetryMaxCount}</arg>
<arg>${RetryIntervalMax}</arg>
<arg>Input Text</arg>
<arg>${Price}</arg>
<arg>${at_price_value_input}</arg>
<doc>Runs the specified keyword and retries if it fails.</doc>
<kw name="Input Text" library="AppiumLibrary">
<arg>${Price}</arg>
<arg>${at_price_value_input}</arg>
<doc>Types the given `text` into text field identified by `locator`.</doc>
<msg timestamp="20220428 10:24:33.930" level="INFO">Typing text '12' into text field 'id=com.wrx.wazirx.stage:id/bns_form_price'</msg>
<status status="PASS" starttime="20220428 10:24:33.915" endtime="20220428 10:24:35.469"/>
</kw>
<status status="PASS" starttime="20220428 10:24:33.913" endtime="20220428 10:24:35.470"/>
</kw>
<kw name="Run Keyword And Return Status" library="BuiltIn">
<var>${Status}</var>
<arg>wait until keyword succeeds</arg>
<arg>${RetryMaxCount}</arg>
<arg>${RetryIntervalMax}</arg>
<arg>page should contain element</arg>
<arg>${AmountField}</arg>
<doc>Runs the given keyword with given arguments and returns the status as a Boolean value.</doc>
<kw name="Wait Until Keyword Succeeds" library="BuiltIn">
<arg>${RetryMaxCount}</arg>
<arg>${RetryIntervalMax}</arg>
<arg>page should contain element</arg>
<arg>${AmountField}</arg>
<doc>Runs the specified keyword and retries if it fails.</doc>
<kw name="Page Should Contain Element" library="AppiumLibrary">
<arg>${AmountField}</arg>
<doc>Verifies that current page contains `locator` element.</doc>
<msg timestamp="20220428 10:24:36.148" level="INFO">Current page contains element 'id=com.wrx.wazirx.stage:id/bns_form_volume'.</msg>
<status status="PASS" starttime="20220428 10:24:35.472" endtime="20220428 10:24:36.148"/>
</kw>
<status status="PASS" starttime="20220428 10:24:35.471" endtime="20220428 10:24:36.148"/>
</kw>
<msg timestamp="20220428 10:24:36.148" level="INFO">${Status} = True</msg>
<status status="PASS" starttime="20220428 10:24:35.470" endtime="20220428 10:24:36.148"/>
</kw>
<kw name="Run Keyword If" library="BuiltIn">
<arg>'${Status}' == 'True'</arg>
<arg>click element</arg>
<arg>${AmountField}</arg>
<doc>Runs the given keyword with the given arguments, if ``condition`` is true.</doc>
<kw name="Click Element" library="AppiumLibrary">
<arg>${AmountField}</arg>
<doc>Click element identified by `locator`.</doc>
<msg timestamp="20220428 10:24:36.159" level="INFO">Clicking element 'id=com.wrx.wazirx.stage:id/bns_form_volume'.</msg>
<status status="PASS" starttime="20220428 10:24:36.149" endtime="20220428 10:24:37.135"/>
</kw>
<status status="PASS" starttime="20220428 10:24:36.149" endtime="20220428 10:24:37.135"/>
</kw>
<kw name="Wait Until Keyword Succeeds" library="BuiltIn">
<arg>${RetryMaxCount}</arg>
<arg>${RetryIntervalMax}</arg>
<arg>Input Text</arg>
<arg>${AmountField}</arg>
<arg>${amount_value_input}</arg>
<doc>Runs the specified keyword and retries if it fails.</doc>
<kw name="Input Text" library="AppiumLibrary">
<arg>${AmountField}</arg>
<arg>${amount_value_input}</arg>
<doc>Types the given `text` into text field identified by `locator`.</doc>
<msg timestamp="20220428 10:24:37.153" level="INFO">Typing text '10' into text field 'id=com.wrx.wazirx.stage:id/bns_form_volume'</msg>
<status status="PASS" starttime="20220428 10:24:37.137" endtime="20220428 10:24:37.904"/>
</kw>
<status status="PASS" starttime="20220428 10:24:37.136" endtime="20220428 10:24:37.904"/>
</kw>
<kw name="Wait Until Keyword Succeeds" library="BuiltIn">
<var>${finalAmt}</var>
<arg>${RetryMaxCount}</arg>
<arg>${RetryIntervalMax}</arg>
<arg>Get Text</arg>
<arg>${TotalINR}</arg>
<doc>Runs the specified keyword and retries if it fails.</doc>
<kw name="Get Text" library="AppiumLibrary">
<arg>${TotalINR}</arg>
<doc>Get element text (for hybrid and mobile browser use `xpath` locator, others might cause problem)</doc>
<msg timestamp="20220428 10:24:38.540" level="INFO">Element 'id=com.wrx.wazirx.stage:id/bns_form_value' text is '120' </msg>
<status status="PASS" starttime="20220428 10:24:37.906" endtime="20220428 10:24:38.540"/>
</kw>
<msg timestamp="20220428 10:24:38.540" level="INFO">${finalAmt} = 120</msg>
<status status="PASS" starttime="20220428 10:24:37.905" endtime="20220428 10:24:38.540"/>
</kw>
<kw name="Run Keyword If" library="BuiltIn">
<arg>'${finalAmt}' != 'None'</arg>
<arg>Log</arg>
<arg>Pass</arg>
<doc>Runs the given keyword with the given arguments, if ``condition`` is true.</doc>
<kw name="Log" library="BuiltIn">
<arg>Pass</arg>
<doc>Logs the given message with the given level.</doc>
<msg timestamp="20220428 10:24:38.541" level="INFO">Pass</msg>
<status status="PASS" starttime="20220428 10:24:38.541" endtime="20220428 10:24:38.541"/>
</kw>
<status status="PASS" starttime="20220428 10:24:38.540" endtime="20220428 10:24:38.541"/>
</kw>
<kw name="Run Keyword And Return Status" library="BuiltIn">
<var>${Status}</var>
<arg>wait until keyword succeeds</arg>
<arg>${RetryMaxCount}</arg>
<arg>${RetryIntervalMax}</arg>
<arg>page should contain element</arg>
<arg>${PlaceOrder}</arg>
<doc>Runs the given keyword with given arguments and returns the status as a Boolean value.</doc>
<kw name="Wait Until Keyword Succeeds" library="BuiltIn">
<arg>${RetryMaxCount}</arg>
<arg>${RetryIntervalMax}</arg>
<arg>page should contain element</arg>
<arg>${PlaceOrder}</arg>
<doc>Runs the specified keyword and retries if it fails.</doc>
<kw name="Page Should Contain Element" library="AppiumLibrary">
<arg>${PlaceOrder}</arg>
<doc>Verifies that current page contains `locator` element.</doc>
<msg timestamp="20220428 10:24:38.628" level="INFO">Current page contains element 'id=com.wrx.wazirx.stage:id/bns_form_main_action'.</msg>
<status status="PASS" starttime="20220428 10:24:38.542" endtime="20220428 10:24:38.628"/>
</kw>
<status status="PASS" starttime="20220428 10:24:38.542" endtime="20220428 10:24:38.628"/>
</kw>
<msg timestamp="20220428 10:24:38.628" level="INFO">${Status} = True</msg>
<status status="PASS" starttime="20220428 10:24:38.541" endtime="20220428 10:24:38.628"/>
</kw>
<kw name="Run Keyword If" library="BuiltIn">
<arg>'${Status}' == 'True'</arg>
<arg>click element</arg>
<arg>${PlaceOrder}</arg>
<doc>Runs the given keyword with the given arguments, if ``condition`` is true.</doc>
<kw name="Click Element" library="AppiumLibrary">
<arg>${PlaceOrder}</arg>
<doc>Click element identified by `locator`.</doc>
<msg timestamp="20220428 10:24:38.640" level="INFO">Clicking element 'id=com.wrx.wazirx.stage:id/bns_form_main_action'.</msg>
<status status="PASS" starttime="20220428 10:24:38.629" endtime="20220428 10:24:38.782"/>
</kw>
<status status="PASS" starttime="20220428 10:24:38.628" endtime="20220428 10:24:38.782"/>
</kw>
<kw name="Swipe to Confirm" library="Exchange-Keywords">
<arg>${SwipeElement}</arg>
<kw name="Wait Until Element Is Visible" library="AppiumLibrary">
<arg>${SwipeElement}</arg>
<doc>Waits until element specified with `locator` is visible.</doc>
<status status="PASS" starttime="20220428 10:24:38.783" endtime="20220428 10:24:39.701"/>
</kw>
<kw name="Get Element Size" library="AppiumLibrary">
<var>${element_size}</var>
<arg>${SwipeElement}</arg>
<doc>Get element size</doc>
<msg timestamp="20220428 10:24:39.875" level="INFO">Element 'id=com.wrx.wazirx.stage:id/slider_handle' size: {'height': 203, 'width': 203} </msg>
<msg timestamp="20220428 10:24:39.875" level="INFO">${element_size} = {'height': 203, 'width': 203}</msg>
<status status="PASS" starttime="20220428 10:24:39.702" endtime="20220428 10:24:39.875"/>
</kw>
<kw name="Get Element Location" library="AppiumLibrary">
<var>${element_location}</var>
<arg>${SwipeElement}</arg>
<doc>Get element location</doc>
<msg timestamp="20220428 10:24:39.994" level="INFO">Element 'id=com.wrx.wazirx.stage:id/slider_handle' location: {'x': 101, 'y': 1915} </msg>
<msg timestamp="20220428 10:24:39.994" level="INFO">${element_location} = {'x': 101, 'y': 1915}</msg>
<status status="PASS" starttime="20220428 10:24:39.876" endtime="20220428 10:24:39.994"/>
</kw>
<kw name="Evaluate" library="BuiltIn">
<var>${start_x}</var>
<arg>${element_location['x']} + (${element_size['width']} * 0.1)</arg>
<doc>Evaluates the given expression in Python and returns the result.</doc>
<msg timestamp="20220428 10:24:40.002" level="INFO">${start_x} = 121.3</msg>
<status status="PASS" starttime="20220428 10:24:39.994" endtime="20220428 10:24:40.002"/>
</kw>
<kw name="Evaluate" library="BuiltIn">
<var>${start_y}</var>
<arg>${element_location['y']} + (${element_size['height']} * 0.1)</arg>
<doc>Evaluates the given expression in Python and returns the result.</doc>
<msg timestamp="20220428 10:24:40.007" level="INFO">${start_y} = 1935.3</msg>
<status status="PASS" starttime="20220428 10:24:40.002" endtime="20220428 10:24:40.007"/>
</kw>
<kw name="Evaluate" library="BuiltIn">
<var>${end_y}</var>
<arg>${element_location['y']} + (${element_size['height']} * 0.1)</arg>
<doc>Evaluates the given expression in Python and returns the result.</doc>
<msg timestamp="20220428 10:24:40.012" level="INFO">${end_y} = 1935.3</msg>
<status status="PASS" starttime="20220428 10:24:40.007" endtime="20220428 10:24:40.012"/>
</kw>
<kw name="Swipe" library="AppiumLibrary">
<arg>${start_x}</arg>
<arg>${start_y}</arg>
<arg>900</arg>
<arg>${end_y}</arg>
<arg>3500</arg>
<doc>Swipe from one point to another point, for an optional duration.</doc>
<status status="PASS" starttime="20220428 10:24:40.012" endtime="20220428 10:24:42.471"/>
</kw>
<status status="PASS" starttime="20220428 10:24:38.782" endtime="20220428 10:24:42.472"/>
</kw>
<kw name="Goto Orders" library="Exchange-Keywords">
<kw name="Run Keyword And Return Status" library="BuiltIn">
<var>${Status}</var>
<arg>wait until keyword succeeds</arg>
<arg>${RetryMaxCount}</arg>
<arg>${RetryIntervalMax}</arg>
<arg>page should contain element</arg>
<arg>${Orders}</arg>
<doc>Runs the given keyword with given arguments and returns the status as a Boolean value.</doc>
<kw name="Wait Until Keyword Succeeds" library="BuiltIn">
<arg>${RetryMaxCount}</arg>
<arg>${RetryIntervalMax}</arg>
<arg>page should contain element</arg>
<arg>${Orders}</arg>
<doc>Runs the specified keyword and retries if it fails.</doc>
<kw name="Page Should Contain Element" library="AppiumLibrary">
<arg>${Orders}</arg>
<doc>Verifies that current page contains `locator` element.</doc>
<kw name="Capture Page Screenshot" library="AppiumLibrary">
<doc>Takes a screenshot of the current page and embeds it into the log.</doc>
<msg timestamp="20220428 10:24:43.180" level="INFO" html="true">&lt;/td&gt;&lt;/tr&gt;&lt;tr&gt;&lt;td colspan="3"&gt;&lt;a href="appium-screenshot-4.png"&gt;&lt;img src="appium-screenshot-4.png" width="800px"&gt;&lt;/a&gt;</msg>
<status status="PASS" starttime="20220428 10:24:42.832" endtime="20220428 10:24:43.181"/>
</kw>
<msg timestamp="20220428 10:24:43.181" level="FAIL">Page should have contained element 'id=com.wrx.wazirx.stage:id/tab_item_orders' but did not</msg>
<status status="FAIL" starttime="20220428 10:24:42.475" endtime="20220428 10:24:43.182"/>
</kw>
<kw name="Page Should Contain Element" library="AppiumLibrary">
<arg>${Orders}</arg>
<doc>Verifies that current page contains `locator` element.</doc>
<msg timestamp="20220428 10:25:03.269" level="INFO">Current page contains element 'id=com.wrx.wazirx.stage:id/tab_item_orders'.</msg>
<status status="PASS" starttime="20220428 10:25:03.182" endtime="20220428 10:25:03.269"/>
</kw>
<status status="PASS" starttime="20220428 10:24:42.474" endtime="20220428 10:25:03.269"/>
</kw>
<msg timestamp="20220428 10:25:03.269" level="INFO">${Status} = True</msg>
<status status="PASS" starttime="20220428 10:24:42.473" endtime="20220428 10:25:03.269"/>
</kw>
<kw name="Run Keyword If" library="BuiltIn">
<arg>'${Status}' == 'True'</arg>
<arg>click element</arg>
<arg>${Orders}</arg>
<doc>Runs the given keyword with the given arguments, if ``condition`` is true.</doc>
<kw name="Click Element" library="AppiumLibrary">
<arg>${Orders}</arg>
<doc>Click element identified by `locator`.</doc>
<msg timestamp="20220428 10:25:03.282" level="INFO">Clicking element 'id=com.wrx.wazirx.stage:id/tab_item_orders'.</msg>
<status status="PASS" starttime="20220428 10:25:03.270" endtime="20220428 10:25:03.923"/>
</kw>
<status status="PASS" starttime="20220428 10:25:03.270" endtime="20220428 10:25:03.923"/>
</kw>
<status status="PASS" starttime="20220428 10:24:42.472" endtime="20220428 10:25:03.924"/>
</kw>
<kw name="Sleep" library="BuiltIn">
<arg>4s</arg>
<doc>Pauses the test executed for the given time.</doc>
<msg timestamp="20220428 10:25:07.926" level="INFO">Slept 4 seconds</msg>
<status status="PASS" starttime="20220428 10:25:03.924" endtime="20220428 10:25:07.927"/>
</kw>
<kw name="Wait Until Keyword Succeeds" library="BuiltIn">
<arg>${RetryMaxCount}</arg>
<arg>${RetryIntervalMax}</arg>
<arg>wait until element is visible</arg>
<arg>${BuyOrderPrice}</arg>
<doc>Runs the specified keyword and retries if it fails.</doc>
<kw name="Wait Until Element Is Visible" library="AppiumLibrary">
<arg>${BuyOrderPrice}</arg>
<doc>Waits until element specified with `locator` is visible.</doc>
<status status="PASS" starttime="20220428 10:25:07.929" endtime="20220428 10:25:08.035"/>
</kw>
<status status="PASS" starttime="20220428 10:25:07.927" endtime="20220428 10:25:08.035"/>
</kw>
<kw name="Wait Until Keyword Succeeds" library="BuiltIn">
<var>${GetorderedPrice}</var>
<arg>${RetryMaxCount}</arg>
<arg>${RetryIntervalMax}</arg>
<arg>Get Text</arg>
<arg>${BuyOrderPrice}</arg>
<doc>Runs the specified keyword and retries if it fails.</doc>
<kw name="Get Text" library="AppiumLibrary">
<arg>${BuyOrderPrice}</arg>
<doc>Get element text (for hybrid and mobile browser use `xpath` locator, others might cause problem)</doc>
<msg timestamp="20220428 10:25:08.185" level="INFO">Element 'id=com.wrx.wazirx.stage:id/order_book_item_buy_price' text is '12' </msg>
<status status="PASS" starttime="20220428 10:25:08.036" endtime="20220428 10:25:08.186"/>
</kw>
<msg timestamp="20220428 10:25:08.186" level="INFO">${GetorderedPrice} = 12</msg>
<status status="PASS" starttime="20220428 10:25:08.036" endtime="20220428 10:25:08.186"/>
</kw>
<kw name="Should Be Equal As Numbers" library="BuiltIn">
<arg>${GetorderedPrice}</arg>
<arg>${at_price_value_input}</arg>
<arg>precision=2</arg>
<doc>Fails if objects are unequal after converting them to real numbers.</doc>
<status status="PASS" starttime="20220428 10:25:08.186" endtime="20220428 10:25:08.187"/>
</kw>
<kw name="Sleep" library="BuiltIn">
<arg>2s</arg>
<doc>Pauses the test executed for the given time.</doc>
<msg timestamp="20220428 10:25:10.187" level="INFO">Slept 2 seconds</msg>
<status status="PASS" starttime="20220428 10:25:08.187" endtime="20220428 10:25:10.188"/>
</kw>
<kw name="Goto MyOrders" library="Exchange-Keywords">
<kw name="Run Keyword And Return Status" library="BuiltIn">
<var>${Status}</var>
<arg>wait until keyword succeeds</arg>
<arg>${RetryMaxCount}</arg>
<arg>${RetryIntervalMax}</arg>
<arg>page should contain element</arg>
<arg>${MyOrders}</arg>
<doc>Runs the given keyword with given arguments and returns the status as a Boolean value.</doc>
<kw name="Wait Until Keyword Succeeds" library="BuiltIn">
<arg>${RetryMaxCount}</arg>
<arg>${RetryIntervalMax}</arg>
<arg>page should contain element</arg>
<arg>${MyOrders}</arg>
<doc>Runs the specified keyword and retries if it fails.</doc>
<kw name="Page Should Contain Element" library="AppiumLibrary">
<arg>${MyOrders}</arg>
<doc>Verifies that current page contains `locator` element.</doc>
<msg timestamp="20220428 10:25:10.293" level="INFO">Current page contains element 'id=com.wrx.wazirx.stage:id/tab_item_my_orders'.</msg>
<status status="PASS" starttime="20220428 10:25:10.191" endtime="20220428 10:25:10.293"/>
</kw>
<status status="PASS" starttime="20220428 10:25:10.190" endtime="20220428 10:25:10.293"/>
</kw>
<msg timestamp="20220428 10:25:10.293" level="INFO">${Status} = True</msg>
<status status="PASS" starttime="20220428 10:25:10.189" endtime="20220428 10:25:10.293"/>
</kw>
<kw name="Run Keyword If" library="BuiltIn">
<arg>'${Status}' == 'True'</arg>
<arg>click element</arg>
<arg>${MyOrders}</arg>
<doc>Runs the given keyword with the given arguments, if ``condition`` is true.</doc>
<kw name="Click Element" library="AppiumLibrary">
<arg>${MyOrders}</arg>
<doc>Click element identified by `locator`.</doc>
<msg timestamp="20220428 10:25:10.304" level="INFO">Clicking element 'id=com.wrx.wazirx.stage:id/tab_item_my_orders'.</msg>
<status status="PASS" starttime="20220428 10:25:10.294" endtime="20220428 10:25:10.479"/>
</kw>
<status status="PASS" starttime="20220428 10:25:10.293" endtime="20220428 10:25:10.479"/>
</kw>
<status status="PASS" starttime="20220428 10:25:10.188" endtime="20220428 10:25:10.479"/>
</kw>
<kw name="Goto OpenTab" library="Exchange-Keywords">
<kw name="Run Keyword And Return Status" library="BuiltIn">
<var>${Status}</var>
<arg>wait until keyword succeeds</arg>
<arg>${RetryMaxCount}</arg>
<arg>${RetryIntervalMax}</arg>
<arg>page should contain element</arg>
<arg>${OpenTab}</arg>
<doc>Runs the given keyword with given arguments and returns the status as a Boolean value.</doc>
<kw name="Wait Until Keyword Succeeds" library="BuiltIn">
<arg>${RetryMaxCount}</arg>
<arg>${RetryIntervalMax}</arg>
<arg>page should contain element</arg>
<arg>${OpenTab}</arg>
<doc>Runs the specified keyword and retries if it fails.</doc>
<kw name="Page Should Contain Element" library="AppiumLibrary">
<arg>${OpenTab}</arg>
<doc>Verifies that current page contains `locator` element.</doc>
<msg timestamp="20220428 10:25:11.207" level="INFO">Current page contains element 'xpath=//android.widget.TextView[@text='OPEN']'.</msg>
<status status="PASS" starttime="20220428 10:25:10.482" endtime="20220428 10:25:11.207"/>
</kw>
<status status="PASS" starttime="20220428 10:25:10.482" endtime="20220428 10:25:11.207"/>
</kw>
<msg timestamp="20220428 10:25:11.207" level="INFO">${Status} = True</msg>
<status status="PASS" starttime="20220428 10:25:10.481" endtime="20220428 10:25:11.207"/>
</kw>
<kw name="Run Keyword If" library="BuiltIn">
<arg>'${Status}' == 'True'</arg>
<arg>click element</arg>
<arg>${OpenTab}</arg>
<doc>Runs the given keyword with the given arguments, if ``condition`` is true.</doc>
<kw name="Click Element" library="AppiumLibrary">
<arg>${OpenTab}</arg>
<doc>Click element identified by `locator`.</doc>
<msg timestamp="20220428 10:25:11.218" level="INFO">Clicking element 'xpath=//android.widget.TextView[@text='OPEN']'.</msg>
<status status="PASS" starttime="20220428 10:25:11.208" endtime="20220428 10:25:11.448"/>
</kw>
<status status="PASS" starttime="20220428 10:25:11.207" endtime="20220428 10:25:11.449"/>
</kw>
<status status="PASS" starttime="20220428 10:25:10.480" endtime="20220428 10:25:11.449"/>
</kw>
<kw name="Wait Until Keyword Succeeds" library="BuiltIn">
<var>${OrderPrc}</var>
<arg>${RetryMaxCount}</arg>
<arg>${RetryIntervalMax}</arg>
<arg>Get Text</arg>
<arg>${OpenOrderPrc}</arg>
<doc>Runs the specified keyword and retries if it fails.</doc>
<kw name="Get Text" library="AppiumLibrary">
<arg>${OpenOrderPrc}</arg>
<doc>Get element text (for hybrid and mobile browser use `xpath` locator, others might cause problem)</doc>
<msg timestamp="20220428 10:25:12.049" level="INFO">Element 'com.wrx.wazirx.stage:id/transaction_item_price' text is '₹12' </msg>
<status status="PASS" starttime="20220428 10:25:11.450" endtime="20220428 10:25:12.049"/>
</kw>
<msg timestamp="20220428 10:25:12.050" level="INFO">${OrderPrc} = ₹12</msg>
<status status="PASS" starttime="20220428 10:25:11.449" endtime="20220428 10:25:12.050"/>
</kw>
<kw name="Remove String" library="String">
<var>${OrdrPrice}</var>
<arg>${OrderPrc}</arg>
<arg>₹</arg>
<doc>Removes all ``removables`` from the given ``string``.</doc>
<msg timestamp="20220428 10:25:12.052" level="INFO">${OrdrPrice} = 12</msg>
<status status="PASS" starttime="20220428 10:25:12.051" endtime="20220428 10:25:12.052"/>
</kw>
<kw name="Should Be Equal As Numbers" library="BuiltIn">
<arg>${OrdrPrice}</arg>
<arg>${at_price_value_input}</arg>
<doc>Fails if objects are unequal after converting them to real numbers.</doc>
<status status="PASS" starttime="20220428 10:25:12.052" endtime="20220428 10:25:12.052"/>
</kw>
<kw name="Goto Orders" library="Exchange-Keywords">
<kw name="Run Keyword And Return Status" library="BuiltIn">
<var>${Status}</var>
<arg>wait until keyword succeeds</arg>
<arg>${RetryMaxCount}</arg>
<arg>${RetryIntervalMax}</arg>
<arg>page should contain element</arg>
<arg>${Orders}</arg>
<doc>Runs the given keyword with given arguments and returns the status as a Boolean value.</doc>
<kw name="Wait Until Keyword Succeeds" library="BuiltIn">
<arg>${RetryMaxCount}</arg>
<arg>${RetryIntervalMax}</arg>
<arg>page should contain element</arg>
<arg>${Orders}</arg>
<doc>Runs the specified keyword and retries if it fails.</doc>
<kw name="Page Should Contain Element" library="AppiumLibrary">
<arg>${Orders}</arg>
<doc>Verifies that current page contains `locator` element.</doc>
<msg timestamp="20220428 10:25:12.124" level="INFO">Current page contains element 'id=com.wrx.wazirx.stage:id/tab_item_orders'.</msg>
<status status="PASS" starttime="20220428 10:25:12.055" endtime="20220428 10:25:12.124"/>
</kw>
<status status="PASS" starttime="20220428 10:25:12.054" endtime="20220428 10:25:12.124"/>
</kw>
<msg timestamp="20220428 10:25:12.124" level="INFO">${Status} = True</msg>
<status status="PASS" starttime="20220428 10:25:12.053" endtime="20220428 10:25:12.124"/>
</kw>
<kw name="Run Keyword If" library="BuiltIn">
<arg>'${Status}' == 'True'</arg>
<arg>click element</arg>
<arg>${Orders}</arg>
<doc>Runs the given keyword with the given arguments, if ``condition`` is true.</doc>
<kw name="Click Element" library="AppiumLibrary">
<arg>${Orders}</arg>
<doc>Click element identified by `locator`.</doc>
<msg timestamp="20220428 10:25:12.133" level="INFO">Clicking element 'id=com.wrx.wazirx.stage:id/tab_item_orders'.</msg>
<status status="PASS" starttime="20220428 10:25:12.125" endtime="20220428 10:25:12.275"/>
</kw>
<status status="PASS" starttime="20220428 10:25:12.125" endtime="20220428 10:25:12.275"/>
</kw>
<status status="PASS" starttime="20220428 10:25:12.053" endtime="20220428 10:25:12.276"/>
</kw>
<status status="PASS" starttime="20220428 10:24:10.399" endtime="20220428 10:25:12.276"/>
</kw>
<kw name="CancellAllOpenOrders" library="Exchange-Keywords">
<kw name="Sleep" library="BuiltIn">
<arg>2s</arg>
<doc>Pauses the test executed for the given time.</doc>
<msg timestamp="20220428 10:25:14.279" level="INFO">Slept 2 seconds</msg>
<status status="PASS" starttime="20220428 10:25:12.278" endtime="20220428 10:25:14.279"/>
</kw>
<kw name="Goto MyOrders" library="Exchange-Keywords">
<kw name="Run Keyword And Return Status" library="BuiltIn">
<var>${Status}</var>
<arg>wait until keyword succeeds</arg>
<arg>${RetryMaxCount}</arg>
<arg>${RetryIntervalMax}</arg>
<arg>page should contain element</arg>
<arg>${MyOrders}</arg>
<doc>Runs the given keyword with given arguments and returns the status as a Boolean value.</doc>
<kw name="Wait Until Keyword Succeeds" library="BuiltIn">
<arg>${RetryMaxCount}</arg>
<arg>${RetryIntervalMax}</arg>
<arg>page should contain element</arg>
<arg>${MyOrders}</arg>
<doc>Runs the specified keyword and retries if it fails.</doc>
<kw name="Page Should Contain Element" library="AppiumLibrary">
<arg>${MyOrders}</arg>
<doc>Verifies that current page contains `locator` element.</doc>
<msg timestamp="20220428 10:25:14.385" level="INFO">Current page contains element 'id=com.wrx.wazirx.stage:id/tab_item_my_orders'.</msg>
<status status="PASS" starttime="20220428 10:25:14.284" endtime="20220428 10:25:14.385"/>
</kw>
<status status="PASS" starttime="20220428 10:25:14.282" endtime="20220428 10:25:14.385"/>
</kw>
<msg timestamp="20220428 10:25:14.385" level="INFO">${Status} = True</msg>
<status status="PASS" starttime="20220428 10:25:14.281" endtime="20220428 10:25:14.385"/>
</kw>
<kw name="Run Keyword If" library="BuiltIn">
<arg>'${Status}' == 'True'</arg>
<arg>click element</arg>
<arg>${MyOrders}</arg>
<doc>Runs the given keyword with the given arguments, if ``condition`` is true.</doc>
<kw name="Click Element" library="AppiumLibrary">
<arg>${MyOrders}</arg>
<doc>Click element identified by `locator`.</doc>
<msg timestamp="20220428 10:25:14.396" level="INFO">Clicking element 'id=com.wrx.wazirx.stage:id/tab_item_my_orders'.</msg>
<status status="PASS" starttime="20220428 10:25:14.386" endtime="20220428 10:25:15.285"/>
</kw>
<status status="PASS" starttime="20220428 10:25:14.385" endtime="20220428 10:25:15.285"/>
</kw>
<status status="PASS" starttime="20220428 10:25:14.280" endtime="20220428 10:25:15.285"/>
</kw>
<kw name="Goto OpenTab" library="Exchange-Keywords">
<kw name="Run Keyword And Return Status" library="BuiltIn">
<var>${Status}</var>
<arg>wait until keyword succeeds</arg>
<arg>${RetryMaxCount}</arg>
<arg>${RetryIntervalMax}</arg>
<arg>page should contain element</arg>
<arg>${OpenTab}</arg>
<doc>Runs the given keyword with given arguments and returns the status as a Boolean value.</doc>
<kw name="Wait Until Keyword Succeeds" library="BuiltIn">
<arg>${RetryMaxCount}</arg>
<arg>${RetryIntervalMax}</arg>
<arg>page should contain element</arg>
<arg>${OpenTab}</arg>
<doc>Runs the specified keyword and retries if it fails.</doc>
<kw name="Page Should Contain Element" library="AppiumLibrary">
<arg>${OpenTab}</arg>
<doc>Verifies that current page contains `locator` element.</doc>
<msg timestamp="20220428 10:25:15.481" level="INFO">Current page contains element 'xpath=//android.widget.TextView[@text='OPEN']'.</msg>
<status status="PASS" starttime="20220428 10:25:15.288" endtime="20220428 10:25:15.481"/>
</kw>
<status status="PASS" starttime="20220428 10:25:15.287" endtime="20220428 10:25:15.481"/>
</kw>
<msg timestamp="20220428 10:25:15.481" level="INFO">${Status} = True</msg>
<status status="PASS" starttime="20220428 10:25:15.286" endtime="20220428 10:25:15.481"/>
</kw>
<kw name="Run Keyword If" library="BuiltIn">
<arg>'${Status}' == 'True'</arg>
<arg>click element</arg>
<arg>${OpenTab}</arg>
<doc>Runs the given keyword with the given arguments, if ``condition`` is true.</doc>
<kw name="Click Element" library="AppiumLibrary">
<arg>${OpenTab}</arg>
<doc>Click element identified by `locator`.</doc>
<msg timestamp="20220428 10:25:15.492" level="INFO">Clicking element 'xpath=//android.widget.TextView[@text='OPEN']'.</msg>
<status status="PASS" starttime="20220428 10:25:15.482" endtime="20220428 10:25:15.712"/>
</kw>
<status status="PASS" starttime="20220428 10:25:15.481" endtime="20220428 10:25:15.713"/>
</kw>
<status status="PASS" starttime="20220428 10:25:15.286" endtime="20220428 10:25:15.713"/>
</kw>
<kw name="Run Keyword And Return Status" library="BuiltIn">
<var>${Status}</var>
<arg>wait until keyword succeeds</arg>
<arg>${RetryMaxCount}</arg>
<arg>${RetryIntervalMax}</arg>
<arg>page should contain element</arg>
<arg>${Cancellallbtn}</arg>
<doc>Runs the given keyword with given arguments and returns the status as a Boolean value.</doc>
<kw name="Wait Until Keyword Succeeds" library="BuiltIn">
<arg>${RetryMaxCount}</arg>
<arg>${RetryIntervalMax}</arg>
<arg>page should contain element</arg>
<arg>${Cancellallbtn}</arg>
<doc>Runs the specified keyword and retries if it fails.</doc>
<kw name="Page Should Contain Element" library="AppiumLibrary">
<arg>${Cancellallbtn}</arg>
<doc>Verifies that current page contains `locator` element.</doc>
<msg timestamp="20220428 10:25:16.220" level="INFO">Current page contains element 'id=com.wrx.wazirx.stage:id/order_cancel_all_button'.</msg>
<status status="PASS" starttime="20220428 10:25:15.716" endtime="20220428 10:25:16.221"/>
</kw>
<status status="PASS" starttime="20220428 10:25:15.715" endtime="20220428 10:25:16.221"/>
</kw>
<msg timestamp="20220428 10:25:16.221" level="INFO">${Status} = True</msg>
<status status="PASS" starttime="20220428 10:25:15.714" endtime="20220428 10:25:16.221"/>
</kw>
<kw name="Run Keyword If" library="BuiltIn">
<arg>'${Status}' == 'True'</arg>
<arg>click element</arg>
<arg>${Cancellallbtn}</arg>
<doc>Runs the given keyword with the given arguments, if ``condition`` is true.</doc>
<kw name="Click Element" library="AppiumLibrary">
<arg>${Cancellallbtn}</arg>
<doc>Click element identified by `locator`.</doc>
<msg timestamp="20220428 10:25:16.232" level="INFO">Clicking element 'id=com.wrx.wazirx.stage:id/order_cancel_all_button'.</msg>
<status status="PASS" starttime="20220428 10:25:16.222" endtime="20220428 10:25:16.426"/>
</kw>
<status status="PASS" starttime="20220428 10:25:16.221" endtime="20220428 10:25:16.426"/>
</kw>
<kw name="Run Keyword And Return Status" library="BuiltIn">
<var>${Status}</var>
<arg>wait until keyword succeeds</arg>
<arg>${RetryMaxCount}</arg>
<arg>${RetryIntervalMax}</arg>
<arg>page should contain element</arg>
<arg>${CancelallOpen}</arg>
<doc>Runs the given keyword with given arguments and returns the status as a Boolean value.</doc>
<kw name="Wait Until Keyword Succeeds" library="BuiltIn">
<arg>${RetryMaxCount}</arg>
<arg>${RetryIntervalMax}</arg>
<arg>page should contain element</arg>
<arg>${CancelallOpen}</arg>
<doc>Runs the specified keyword and retries if it fails.</doc>
<kw name="Page Should Contain Element" library="AppiumLibrary">
<arg>${CancelallOpen}</arg>
<doc>Verifies that current page contains `locator` element.</doc>
<msg timestamp="20220428 10:25:16.548" level="INFO">Current page contains element 'xpath=//android.widget.Button[@text='CANCEL ALL OPEN ORDERS']'.</msg>
<status status="PASS" starttime="20220428 10:25:16.429" endtime="20220428 10:25:16.548"/>
</kw>
<status status="PASS" starttime="20220428 10:25:16.427" endtime="20220428 10:25:16.548"/>
</kw>
<msg timestamp="20220428 10:25:16.548" level="INFO">${Status} = True</msg>
<status status="PASS" starttime="20220428 10:25:16.426" endtime="20220428 10:25:16.548"/>
</kw>
<kw name="Run Keyword If" library="BuiltIn">
<arg>'${Status}' == 'True'</arg>
<arg>click element</arg>
<arg>${CancelallOpen}</arg>
<doc>Runs the given keyword with the given arguments, if ``condition`` is true.</doc>
<kw name="Click Element" library="AppiumLibrary">
<arg>${CancelallOpen}</arg>
<doc>Click element identified by `locator`.</doc>
<msg timestamp="20220428 10:25:16.559" level="INFO">Clicking element 'xpath=//android.widget.Button[@text='CANCEL ALL OPEN ORDERS']'.</msg>
<status status="PASS" starttime="20220428 10:25:16.549" endtime="20220428 10:25:17.500"/>
</kw>
<status status="PASS" starttime="20220428 10:25:16.548" endtime="20220428 10:25:17.500"/>
</kw>
<kw name="Goto MyOrders" library="Exchange-Keywords">
<kw name="Run Keyword And Return Status" library="BuiltIn">
<var>${Status}</var>
<arg>wait until keyword succeeds</arg>
<arg>${RetryMaxCount}</arg>
<arg>${RetryIntervalMax}</arg>
<arg>page should contain element</arg>
<arg>${MyOrders}</arg>
<doc>Runs the given keyword with given arguments and returns the status as a Boolean value.</doc>
<kw name="Wait Until Keyword Succeeds" library="BuiltIn">
<arg>${RetryMaxCount}</arg>
<arg>${RetryIntervalMax}</arg>
<arg>page should contain element</arg>
<arg>${MyOrders}</arg>
<doc>Runs the specified keyword and retries if it fails.</doc>
<kw name="Page Should Contain Element" library="AppiumLibrary">
<arg>${MyOrders}</arg>
<doc>Verifies that current page contains `locator` element.</doc>
<msg timestamp="20220428 10:25:18.092" level="INFO">Current page contains element 'id=com.wrx.wazirx.stage:id/tab_item_my_orders'.</msg>
<status status="PASS" starttime="20220428 10:25:17.503" endtime="20220428 10:25:18.092"/>
</kw>
<status status="PASS" starttime="20220428 10:25:17.502" endtime="20220428 10:25:18.092"/>
</kw>
<msg timestamp="20220428 10:25:18.092" level="INFO">${Status} = True</msg>
<status status="PASS" starttime="20220428 10:25:17.501" endtime="20220428 10:25:18.092"/>
</kw>
<kw name="Run Keyword If" library="BuiltIn">
<arg>'${Status}' == 'True'</arg>
<arg>click element</arg>
<arg>${MyOrders}</arg>
<doc>Runs the given keyword with the given arguments, if ``condition`` is true.</doc>
<kw name="Click Element" library="AppiumLibrary">
<arg>${MyOrders}</arg>
<doc>Click element identified by `locator`.</doc>
<msg timestamp="20220428 10:25:18.102" level="INFO">Clicking element 'id=com.wrx.wazirx.stage:id/tab_item_my_orders'.</msg>
<status status="PASS" starttime="20220428 10:25:18.093" endtime="20220428 10:25:19.235"/>
</kw>
<status status="PASS" starttime="20220428 10:25:18.093" endtime="20220428 10:25:19.235"/>
</kw>
<status status="PASS" starttime="20220428 10:25:17.500" endtime="20220428 10:25:19.235"/>
</kw>
<kw name="Sleep" library="BuiltIn">
<arg>4s</arg>
<doc>Pauses the test executed for the given time.</doc>
<msg timestamp="20220428 10:25:23.237" level="INFO">Slept 4 seconds</msg>
<status status="PASS" starttime="20220428 10:25:19.236" endtime="20220428 10:25:23.237"/>
</kw>
<kw name="Goto HistoryTab" library="Exchange-Keywords">
<kw name="Run Keyword And Return Status" library="BuiltIn">
<var>${Status}</var>
<arg>wait until keyword succeeds</arg>
<arg>${RetryMaxCount}</arg>
<arg>${RetryIntervalMax}</arg>
<arg>page should contain element</arg>
<arg>${HistoryTab}</arg>
<doc>Runs the given keyword with given arguments and returns the status as a Boolean value.</doc>
<kw name="Wait Until Keyword Succeeds" library="BuiltIn">
<arg>${RetryMaxCount}</arg>
<arg>${RetryIntervalMax}</arg>
<arg>page should contain element</arg>
<arg>${HistoryTab}</arg>
<doc>Runs the specified keyword and retries if it fails.</doc>
<kw name="Page Should Contain Element" library="AppiumLibrary">
<arg>${HistoryTab}</arg>
<doc>Verifies that current page contains `locator` element.</doc>
<msg timestamp="20220428 10:25:23.388" level="INFO">Current page contains element 'xpath=//android.widget.TextView[@text='HISTORY']'.</msg>
<status status="PASS" starttime="20220428 10:25:23.239" endtime="20220428 10:25:23.388"/>
</kw>
<status status="PASS" starttime="20220428 10:25:23.239" endtime="20220428 10:25:23.388"/>
</kw>
<msg timestamp="20220428 10:25:23.388" level="INFO">${Status} = True</msg>
<status status="PASS" starttime="20220428 10:25:23.238" endtime="20220428 10:25:23.388"/>
</kw>
<kw name="Run Keyword If" library="BuiltIn">
<arg>'${Status}' == 'True'</arg>
<arg>click element</arg>
<arg>${HistoryTab}</arg>
<doc>Runs the given keyword with the given arguments, if ``condition`` is true.</doc>
<kw name="Click Element" library="AppiumLibrary">
<arg>${HistoryTab}</arg>
<doc>Click element identified by `locator`.</doc>
<msg timestamp="20220428 10:25:23.400" level="INFO">Clicking element 'xpath=//android.widget.TextView[@text='HISTORY']'.</msg>
<status status="PASS" starttime="20220428 10:25:23.389" endtime="20220428 10:25:23.585"/>
</kw>
<status status="PASS" starttime="20220428 10:25:23.389" endtime="20220428 10:25:23.586"/>
</kw>
<status status="PASS" starttime="20220428 10:25:23.237" endtime="20220428 10:25:23.586"/>
</kw>
<kw name="Wait Until Keyword Succeeds" library="BuiltIn">
<var>${Status}</var>
<arg>${RetryMaxCount}</arg>
<arg>${RetryIntervalMax}</arg>
<arg>Get Text</arg>
<arg>${CancelledLable}</arg>
<doc>Runs the specified keyword and retries if it fails.</doc>
<kw name="Get Text" library="AppiumLibrary">
<arg>${CancelledLable}</arg>
<doc>Get element text (for hybrid and mobile browser use `xpath` locator, others might cause problem)</doc>
<kw name="Capture Page Screenshot" library="AppiumLibrary">
<doc>Takes a screenshot of the current page and embeds it into the log.</doc>
<msg timestamp="20220428 10:25:24.639" level="INFO" html="true">&lt;/td&gt;&lt;/tr&gt;&lt;tr&gt;&lt;td colspan="3"&gt;&lt;a href="appium-screenshot-5.png"&gt;&lt;img src="appium-screenshot-5.png" width="800px"&gt;&lt;/a&gt;</msg>
<status status="PASS" starttime="20220428 10:25:24.301" endtime="20220428 10:25:24.639"/>
</kw>
<msg timestamp="20220428 10:25:24.640" level="FAIL">ValueError: Element locator 'id=com.wrx.wazirx.stage:id/transaction_action_button' did not match any elements.</msg>
<status status="FAIL" starttime="20220428 10:25:23.587" endtime="20220428 10:25:24.640"/>
</kw>
<kw name="Get Text" library="AppiumLibrary">
<arg>${CancelledLable}</arg>
<doc>Get element text (for hybrid and mobile browser use `xpath` locator, others might cause problem)</doc>
<msg timestamp="20220428 10:25:44.834" level="INFO">Element 'id=com.wrx.wazirx.stage:id/transaction_action_button' text is 'CANCELLED' </msg>
<status status="PASS" starttime="20220428 10:25:44.642" endtime="20220428 10:25:44.834"/>
</kw>
<msg timestamp="20220428 10:25:44.834" level="INFO">${Status} = CANCELLED</msg>
<status status="PASS" starttime="20220428 10:25:23.587" endtime="20220428 10:25:44.834"/>
</kw>
<kw name="Should Be Equal" library="BuiltIn">
<arg>${Status}</arg>
<arg>CANCELLED</arg>
<doc>Fails if the given objects are unequal.</doc>
<status status="PASS" starttime="20220428 10:25:44.834" endtime="20220428 10:25:44.835"/>
</kw>
<kw name="Goto Orders" library="Exchange-Keywords">
<kw name="Run Keyword And Return Status" library="BuiltIn">
<var>${Status}</var>
<arg>wait until keyword succeeds</arg>
<arg>${RetryMaxCount}</arg>
<arg>${RetryIntervalMax}</arg>
<arg>page should contain element</arg>
<arg>${Orders}</arg>
<doc>Runs the given keyword with given arguments and returns the status as a Boolean value.</doc>
<kw name="Wait Until Keyword Succeeds" library="BuiltIn">
<arg>${RetryMaxCount}</arg>
<arg>${RetryIntervalMax}</arg>
<arg>page should contain element</arg>
<arg>${Orders}</arg>
<doc>Runs the specified keyword and retries if it fails.</doc>
<kw name="Page Should Contain Element" library="AppiumLibrary">
<arg>${Orders}</arg>
<doc>Verifies that current page contains `locator` element.</doc>
<msg timestamp="20220428 10:25:44.940" level="INFO">Current page contains element 'id=com.wrx.wazirx.stage:id/tab_item_orders'.</msg>
<status status="PASS" starttime="20220428 10:25:44.836" endtime="20220428 10:25:44.940"/>
</kw>
<status status="PASS" starttime="20220428 10:25:44.836" endtime="20220428 10:25:44.941"/>
</kw>
<msg timestamp="20220428 10:25:44.941" level="INFO">${Status} = True</msg>
<status status="PASS" starttime="20220428 10:25:44.835" endtime="20220428 10:25:44.941"/>
</kw>
<kw name="Run Keyword If" library="BuiltIn">
<arg>'${Status}' == 'True'</arg>
<arg>click element</arg>
<arg>${Orders}</arg>
<doc>Runs the given keyword with the given arguments, if ``condition`` is true.</doc>
<kw name="Click Element" library="AppiumLibrary">
<arg>${Orders}</arg>
<doc>Click element identified by `locator`.</doc>
<msg timestamp="20220428 10:25:44.952" level="INFO">Clicking element 'id=com.wrx.wazirx.stage:id/tab_item_orders'.</msg>
<status status="PASS" starttime="20220428 10:25:44.941" endtime="20220428 10:25:45.708"/>
</kw>
<status status="PASS" starttime="20220428 10:25:44.941" endtime="20220428 10:25:45.708"/>
</kw>
<status status="PASS" starttime="20220428 10:25:44.835" endtime="20220428 10:25:45.708"/>
</kw>
<status status="PASS" starttime="20220428 10:25:12.277" endtime="20220428 10:25:45.709"/>
</kw>
<tag>Exchange</tag>
<tag>Sanity</tag>
<status status="PASS" starttime="20220428 10:24:10.398" endtime="20220428 10:25:45.709"/>
</test>
<test id="s1-t3" name="LimitSellOrder" line="32">
<kw name="orderplacing LimitSell" library="Exchange-Keywords">
<arg>${Market}</arg>
<arg>${Coin}</arg>
<arg>${at_price_value_input}</arg>
<arg>${amount_value_input}</arg>
<kw name="Goto BuySellTray" library="Exchange-Keywords">
<kw name="Run Keyword And Return Status" library="BuiltIn">
<var>${Status}</var>
<arg>wait until keyword succeeds</arg>
<arg>${RetryMaxCount}</arg>
<arg>${RetryIntervalMax}</arg>
<arg>page should contain element</arg>
<arg>${Buy/Sell}</arg>
<doc>Runs the given keyword with given arguments and returns the status as a Boolean value.</doc>
<kw name="Wait Until Keyword Succeeds" library="BuiltIn">
<arg>${RetryMaxCount}</arg>
<arg>${RetryIntervalMax}</arg>
<arg>page should contain element</arg>
<arg>${Buy/Sell}</arg>
<doc>Runs the specified keyword and retries if it fails.</doc>
<kw name="Page Should Contain Element" library="AppiumLibrary">
<arg>${Buy/Sell}</arg>
<doc>Verifies that current page contains `locator` element.</doc>
<msg timestamp="20220428 10:25:45.813" level="INFO">Current page contains element 'id=com.wrx.wazirx.stage:id/tab_item_buy_sell'.</msg>
<status status="PASS" starttime="20220428 10:25:45.715" endtime="20220428 10:25:45.813"/>
</kw>
<status status="PASS" starttime="20220428 10:25:45.715" endtime="20220428 10:25:45.813"/>
</kw>
<msg timestamp="20220428 10:25:45.813" level="INFO">${Status} = True</msg>
<status status="PASS" starttime="20220428 10:25:45.714" endtime="20220428 10:25:45.813"/>
</kw>
<kw name="Run Keyword If" library="BuiltIn">
<arg>'${Status}' == 'True'</arg>
<arg>click element</arg>
<arg>${Buy/Sell}</arg>
<doc>Runs the given keyword with the given arguments, if ``condition`` is true.</doc>
<kw name="Click Element" library="AppiumLibrary">
<arg>${Buy/Sell}</arg>
<doc>Click element identified by `locator`.</doc>
<msg timestamp="20220428 10:25:45.825" level="INFO">Clicking element 'id=com.wrx.wazirx.stage:id/tab_item_buy_sell'.</msg>
[...]
<status status="PASS" starttime="20220428 10:39:15.498" endtime="20220428 10:39:15.498"/>
</kw>
<status status="PASS" starttime="20220428 10:39:11.926" endtime="20220428 10:39:15.498"/>
</kw>
<status status="PASS" starttime="20220428 10:37:48.091" endtime="20220428 10:39:15.499"/>
</test>
<test id="s1-t11" name="NavigateBaseMarket" line="115">
<kw name="Goto ExchangeTab" library="Exchange-Keywords">
<kw name="Run Keyword And Return Status" library="BuiltIn">
<var>${Status}</var>
<arg>wait until keyword succeeds</arg>
<arg>${RetryMaxCount}</arg>
<arg>${RetryIntervalMax}</arg>
<arg>page should contain element</arg>
<arg>${ExchangeTab}</arg>
<doc>Runs the given keyword with given arguments and returns the status as a Boolean value.</doc>
<kw name="Wait Until Keyword Succeeds" library="BuiltIn">
<arg>${RetryMaxCount}</arg>
<arg>${RetryIntervalMax}</arg>
<arg>page should contain element</arg>
<arg>${ExchangeTab}</arg>
<doc>Runs the specified keyword and retries if it fails.</doc>
<kw name="Page Should Contain Element" library="AppiumLibrary">
<arg>${ExchangeTab}</arg>
<doc>Verifies that current page contains `locator` element.</doc>
<msg timestamp="20220428 10:39:15.677" level="INFO">Current page contains element 'id=com.wrx.wazirx.stage:id/bottom_tab_btn_exchange_label'.</msg>
<status status="PASS" starttime="20220428 10:39:15.501" endtime="20220428 10:39:15.678"/>
</kw>
<status status="PASS" starttime="20220428 10:39:15.501" endtime="20220428 10:39:15.678"/>
</kw>
<msg timestamp="20220428 10:39:15.678" level="INFO">${Status} = True</msg>
<status status="PASS" starttime="20220428 10:39:15.500" endtime="20220428 10:39:15.678"/>
</kw>
<kw name="Run Keyword If" library="BuiltIn">
<arg>'${Status}' == 'True'</arg>
<arg>click element</arg>
<arg>${ExchangeTab}</arg>
<doc>Runs the given keyword with the given arguments, if ``condition`` is true.</doc>
<kw name="Click Element" library="AppiumLibrary">
<arg>${ExchangeTab}</arg>
<doc>Click element identified by `locator`.</doc>
<msg timestamp="20220428 10:39:15.689" level="INFO">Clicking element 'id=com.wrx.wazirx.stage:id/bottom_tab_btn_exchange_label'.</msg>
<status status="PASS" starttime="20220428 10:39:15.679" endtime="20220428 10:39:16.565"/>
</kw>
<status status="PASS" starttime="20220428 10:39:15.678" endtime="20220428 10:39:16.565"/>
</kw>
<status status="PASS" starttime="20220428 10:39:15.500" endtime="20220428 10:39:16.565"/>
</kw>
<kw name="Goto BTCTab" library="Exchange-Keywords">
<kw name="Run Keyword And Return Status" library="BuiltIn">
<var>${Status}</var>
<arg>wait until keyword succeeds</arg>
<arg>${RetryMaxCount}</arg>
<arg>${RetryIntervalMax}</arg>
<arg>page should contain element</arg>
<arg>${EXBTC}</arg>
<doc>Runs the given keyword with given arguments and returns the status as a Boolean value.</doc>
<kw name="Wait Until Keyword Succeeds" library="BuiltIn">
<arg>${RetryMaxCount}</arg>
<arg>${RetryIntervalMax}</arg>
<arg>page should contain element</arg>
<arg>${EXBTC}</arg>
<doc>Runs the specified keyword and retries if it fails.</doc>
<kw name="Page Should Contain Element" library="AppiumLibrary">
<arg>${EXBTC}</arg>
<doc>Verifies that current page contains `locator` element.</doc>
<msg timestamp="20220428 10:39:16.720" level="INFO">Current page contains element 'xpath=//android.widget.TextView[@text='BTC']'.</msg>
<status status="PASS" starttime="20220428 10:39:16.568" endtime="20220428 10:39:16.721"/>
</kw>
<status status="PASS" starttime="20220428 10:39:16.567" endtime="20220428 10:39:16.721"/>
</kw>
<msg timestamp="20220428 10:39:16.721" level="INFO">${Status} = True</msg>
<status status="PASS" starttime="20220428 10:39:16.566" endtime="20220428 10:39:16.721"/>
</kw>
<kw name="Run Keyword If" library="BuiltIn">
<arg>'${Status}' == 'True'</arg>
<arg>click element</arg>
<arg>${EXBTC}</arg>
<doc>Runs the given keyword with the given arguments, if ``condition`` is true.</doc>
<kw name="Click Element" library="AppiumLibrary">
<arg>${EXBTC}</arg>
<doc>Click element identified by `locator`.</doc>
<msg timestamp="20220428 10:39:16.730" level="INFO">Clicking element 'xpath=//android.widget.TextView[@text='BTC']'.</msg>
<status status="PASS" starttime="20220428 10:39:16.721" endtime="20220428 10:39:16.985"/>
</kw>
<status status="PASS" starttime="20220428 10:39:16.721" endtime="20220428 10:39:16.985"/>
</kw>
<status status="PASS" starttime="20220428 10:39:16.566" endtime="20220428 10:39:16.986"/>
</kw>
<kw name="Goto INRTab" library="Exchange-Keywords">
<kw name="Run Keyword And Return Status" library="BuiltIn">
<var>${Status}</var>
<arg>wait until keyword succeeds</arg>
<arg>${RetryMaxCount}</arg>
<arg>${RetryIntervalMax}</arg>
<arg>page should contain element</arg>
<arg>${EXINR}</arg>
<doc>Runs the given keyword with given arguments and returns the status as a Boolean value.</doc>
<kw name="Wait Until Keyword Succeeds" library="BuiltIn">
<arg>${RetryMaxCount}</arg>
<arg>${RetryIntervalMax}</arg>
<arg>page should contain element</arg>
<arg>${EXINR}</arg>
<doc>Runs the specified keyword and retries if it fails.</doc>
<kw name="Page Should Contain Element" library="AppiumLibrary">
<arg>${EXINR}</arg>
<doc>Verifies that current page contains `locator` element.</doc>
<msg timestamp="20220428 10:39:18.288" level="INFO">Current page contains element 'xpath=//android.widget.TextView[@text='INR']'.</msg>
<status status="PASS" starttime="20220428 10:39:16.989" endtime="20220428 10:39:18.288"/>
</kw>
<status status="PASS" starttime="20220428 10:39:16.988" endtime="20220428 10:39:18.289"/>
</kw>
<msg timestamp="20220428 10:39:18.289" level="INFO">${Status} = True</msg>
<status status="PASS" starttime="20220428 10:39:16.987" endtime="20220428 10:39:18.289"/>
</kw>
<kw name="Run Keyword If" library="BuiltIn">
<arg>'${Status}' == 'True'</arg>
<arg>click element</arg>
<arg>${EXINR}</arg>
<doc>Runs the given keyword with the given arguments, if ``condition`` is true.</doc>
<kw name="Click Element" library="AppiumLibrary">
<arg>${EXINR}</arg>
<doc>Click element identified by `locator`.</doc>
<msg timestamp="20220428 10:39:18.300" level="INFO">Clicking element 'xpath=//android.widget.TextView[@text='INR']'.</msg>
<status status="PASS" starttime="20220428 10:39:18.290" endtime="20220428 10:39:18.904"/>
</kw>
<status status="PASS" starttime="20220428 10:39:18.289" endtime="20220428 10:39:18.904"/>
</kw>
<status status="PASS" starttime="20220428 10:39:16.986" endtime="20220428 10:39:18.904"/>
</kw>
<kw name="Goto USDTTab" library="Exchange-Keywords">
<kw name="Run Keyword And Return Status" library="BuiltIn">
<var>${Status}</var>
<arg>wait until keyword succeeds</arg>
<arg>${RetryMaxCount}</arg>
<arg>${RetryIntervalMax}</arg>
<arg>page should contain element</arg>
<arg>${EXUSDT}</arg>
<doc>Runs the given keyword with given arguments and returns the status as a Boolean value.</doc>
<kw name="Wait Until Keyword Succeeds" library="BuiltIn">
<arg>${RetryMaxCount}</arg>
<arg>${RetryIntervalMax}</arg>
<arg>page should contain element</arg>
<arg>${EXUSDT}</arg>
<doc>Runs the specified keyword and retries if it fails.</doc>
<kw name="Page Should Contain Element" library="AppiumLibrary">
<arg>${EXUSDT}</arg>
<doc>Verifies that current page contains `locator` element.</doc>
<msg timestamp="20220428 10:39:20.279" level="INFO">Current page contains element 'xpath=//android.widget.TextView[@text='USDT']'.</msg>
<status status="PASS" starttime="20220428 10:39:18.906" endtime="20220428 10:39:20.279"/>
</kw>
<status status="PASS" starttime="20220428 10:39:18.906" endtime="20220428 10:39:20.279"/>
</kw>
<msg timestamp="20220428 10:39:20.279" level="INFO">${Status} = True</msg>
<status status="PASS" starttime="20220428 10:39:18.905" endtime="20220428 10:39:20.279"/>
</kw>
<kw name="Run Keyword If" library="BuiltIn">
<arg>'${Status}' == 'True'</arg>
<arg>click element</arg>
<arg>${EXUSDT}</arg>
<doc>Runs the given keyword with the given arguments, if ``condition`` is true.</doc>
<kw name="Click Element" library="AppiumLibrary">
<arg>${EXUSDT}</arg>
<doc>Click element identified by `locator`.</doc>
<msg timestamp="20220428 10:39:20.291" level="INFO">Clicking element 'xpath=//android.widget.TextView[@text='USDT']'.</msg>
<status status="PASS" starttime="20220428 10:39:20.280" endtime="20220428 10:39:20.883"/>
</kw>
<status status="PASS" starttime="20220428 10:39:20.280" endtime="20220428 10:39:20.884"/>
</kw>
<status status="PASS" starttime="20220428 10:39:18.905" endtime="20220428 10:39:20.884"/>
</kw>
<kw name="Goto P2PTab" library="Exchange-Keywords">
<kw name="Run Keyword And Return Status" library="BuiltIn">
<var>${Status}</var>
<arg>wait until keyword succeeds</arg>
<arg>${RetryMaxCount}</arg>
<arg>${RetryIntervalMax}</arg>
<arg>page should contain element</arg>
<arg>${EXP2P}</arg>
<doc>Runs the given keyword with given arguments and returns the status as a Boolean value.</doc>
<kw name="Wait Until Keyword Succeeds" library="BuiltIn">
<arg>${RetryMaxCount}</arg>
<arg>${RetryIntervalMax}</arg>
<arg>page should contain element</arg>
<arg>${EXP2P}</arg>
<doc>Runs the specified keyword and retries if it fails.</doc>
<kw name="Page Should Contain Element" library="AppiumLibrary">
<arg>${EXP2P}</arg>
<doc>Verifies that current page contains `locator` element.</doc>
<kw name="Capture Page Screenshot" library="AppiumLibrary">
<doc>Takes a screenshot of the current page and embeds it into the log.</doc>
<msg timestamp="20220428 10:39:22.462" level="INFO" html="true">&lt;/td&gt;&lt;/tr&gt;&lt;tr&gt;&lt;td colspan="3"&gt;&lt;a href="appium-screenshot-26.png"&gt;&lt;img src="appium-screenshot-26.png" width="800px"&gt;&lt;/a&gt;</msg>
<status status="PASS" starttime="20220428 10:39:21.900" endtime="20220428 10:39:22.463"/>
</kw>
<msg timestamp="20220428 10:39:22.463" level="FAIL">Page should have contained element 'xpath=//android.widget.TextView[@text='P2P']' but did not</msg>
<status status="FAIL" starttime="20220428 10:39:20.887" endtime="20220428 10:39:22.464"/>
</kw>
<kw name="Page Should Contain Element" library="AppiumLibrary">
<arg>${EXP2P}</arg>
<doc>Verifies that current page contains `locator` element.</doc>
<kw name="Capture Page Screenshot" library="AppiumLibrary">
<doc>Takes a screenshot of the current page and embeds it into the log.</doc>
<msg timestamp="20220428 10:39:43.460" level="INFO" html="true">&lt;/td&gt;&lt;/tr&gt;&lt;tr&gt;&lt;td colspan="3"&gt;&lt;a href="appium-screenshot-27.png"&gt;&lt;img src="appium-screenshot-27.png" width="800px"&gt;&lt;/a&gt;</msg>
<status status="PASS" starttime="20220428 10:39:42.878" endtime="20220428 10:39:43.461"/>
</kw>
<msg timestamp="20220428 10:39:43.461" level="FAIL">Page should have contained element 'xpath=//android.widget.TextView[@text='P2P']' but did not</msg>
<status status="FAIL" starttime="20220428 10:39:42.468" endtime="20220428 10:39:43.461"/>
</kw>
<msg timestamp="20220428 10:39:43.462" level="FAIL">Keyword 'page should contain element' failed after retrying for 8 seconds. The last error was: Page should have contained element 'xpath=//android.widget.TextView[@text='P2P']' but did not</msg>
<status status="FAIL" starttime="20220428 10:39:20.886" endtime="20220428 10:39:43.462"/>
</kw>
<msg timestamp="20220428 10:39:43.463" level="INFO">${Status} = False</msg>
<status status="PASS" starttime="20220428 10:39:20.886" endtime="20220428 10:39:43.463"/>
</kw>
<kw name="Run Keyword If" library="BuiltIn">
<arg>'${Status}' == 'True'</arg>
<arg>click element</arg>
<arg>${EXP2P}</arg>
<doc>Runs the given keyword with the given arguments, if ``condition`` is true.</doc>
<status status="PASS" starttime="20220428 10:39:43.463" endtime="20220428 10:39:43.464"/>
</kw>
<status status="PASS" starttime="20220428 10:39:20.885" endtime="20220428 10:39:43.464"/>
</kw>
<tag>Exchange</tag>
<tag>Sanity</tag>
<status status="PASS" starttime="20220428 10:39:15.499" endtime="20220428 10:39:43.464"/>
</test>
<test id="s1-t12" name="SearchCoin" line="124">
<kw name="SearchCurrency" library="Exchange-Keywords">
<arg>${Coin}</arg>
<kw name="ClickSearchIcon" library="Exchange-Keywords">
<kw name="Run Keyword And Return Status" library="BuiltIn">
<var>${Status}</var>
<arg>wait until keyword succeeds</arg>
<arg>${RetryMaxCount}</arg>
<arg>${RetryIntervalMax}</arg>
<arg>page should contain element</arg>
<arg>${SearchIcon}</arg>
<doc>Runs the given keyword with given arguments and returns the status as a Boolean value.</doc>
<kw name="Wait Until Keyword Succeeds" library="BuiltIn">
<arg>${RetryMaxCount}</arg>
<arg>${RetryIntervalMax}</arg>
<arg>page should contain element</arg>
<arg>${SearchIcon}</arg>
<doc>Runs the specified keyword and retries if it fails.</doc>
<kw name="Page Should Contain Element" library="AppiumLibrary">
<arg>${SearchIcon}</arg>
<doc>Verifies that current page contains `locator` element.</doc>
<msg timestamp="20220428 10:39:43.650" level="INFO">Current page contains element 'id=com.wrx.wazirx.stage:id/toolbar_button_search'.</msg>
<status status="PASS" starttime="20220428 10:39:43.468" endtime="20220428 10:39:43.650"/>
</kw>
<status status="PASS" starttime="20220428 10:39:43.467" endtime="20220428 10:39:43.650"/>
</kw>
<msg timestamp="20220428 10:39:43.650" level="INFO">${Status} = True</msg>
<status status="PASS" starttime="20220428 10:39:43.467" endtime="20220428 10:39:43.650"/>
</kw>
<kw name="Run Keyword If" library="BuiltIn">
<arg>'${Status}' == 'True'</arg>
<arg>click element</arg>
<arg>${SearchIcon}</arg>
<doc>Runs the given keyword with the given arguments, if ``condition`` is true.</doc>
<kw name="Click Element" library="AppiumLibrary">
<arg>${SearchIcon}</arg>
<doc>Click element identified by `locator`.</doc>
<msg timestamp="20220428 10:39:43.662" level="INFO">Clicking element 'id=com.wrx.wazirx.stage:id/toolbar_button_search'.</msg>
<status status="PASS" starttime="20220428 10:39:43.651" endtime="20220428 10:39:43.854"/>
</kw>
<status status="PASS" starttime="20220428 10:39:43.651" endtime="20220428 10:39:43.854"/>
</kw>
<status status="PASS" starttime="20220428 10:39:43.466" endtime="20220428 10:39:43.855"/>
</kw>
<kw name="Wait Until Keyword Succeeds" library="BuiltIn">
<arg>${RetryMaxCount}</arg>
<arg>${RetryIntervalMax}</arg>
<arg>input text</arg>
<arg>${SearchField}</arg>
<arg>${Currency}</arg>
<doc>Runs the specified keyword and retries if it fails.</doc>
<kw name="Input Text" library="AppiumLibrary">
<arg>${SearchField}</arg>
<arg>${Currency}</arg>
<doc>Types the given `text` into text field identified by `locator`.</doc>
<msg timestamp="20220428 10:39:43.872" level="INFO">Typing text 'Bitcoin' into text field 'id=com.wrx.wazirx.stage:id/toolbar_search_field'</msg>
<status status="PASS" starttime="20220428 10:39:43.857" endtime="20220428 10:39:44.741"/>
</kw>
<status status="PASS" starttime="20220428 10:39:43.855" endtime="20220428 10:39:44.741"/>
</kw>
<kw name="CloseKeyboard" library="Common-Keywords">
<kw name="Hide Keyboard" library="AppiumLibrary">
<arg>None</arg>
<doc>Hides the software keyboard on the device. (optional) In iOS, use `key_name` to press
a particular key, ex. `Done`. In Android, no parameters are used.</doc>
<status status="PASS" starttime="20220428 10:39:44.743" endtime="20220428 10:39:46.150"/>
</kw>
<status status="PASS" starttime="20220428 10:39:44.742" endtime="20220428 10:39:46.150"/>
</kw>
<kw name="Sleep" library="BuiltIn">
<arg>1s</arg>
<doc>Pauses the test executed for the given time.</doc>
<msg timestamp="20220428 10:39:47.153" level="INFO">Slept 1 second</msg>
<status status="PASS" starttime="20220428 10:39:46.151" endtime="20220428 10:39:47.153"/>
</kw>
<for flavor="IN RANGE">
<var>${i}</var>
<value>0</value>
<value>10</value>
<iter>
<var name="${i}">0</var>
<kw name="Run Keyword And Return Status" library="BuiltIn">
<var>${result}</var>
<arg>wait until keyword succeeds</arg>
<arg>${RetryMinCount}</arg>
<arg>${RetryIntervalMin}</arg>
<arg>wait until element is visible</arg>
<arg>${Coin}</arg>
<doc>Runs the given keyword with given arguments and returns the status as a Boolean value.</doc>
<kw name="Wait Until Keyword Succeeds" library="BuiltIn">
<arg>${RetryMinCount}</arg>
<arg>${RetryIntervalMin}</arg>
<arg>wait until element is visible</arg>
<arg>${Coin}</arg>
<doc>Runs the specified keyword and retries if it fails.</doc>
<kw name="Wait Until Element Is Visible" library="AppiumLibrary">
<arg>${Coin}</arg>
<doc>Waits until element specified with `locator` is visible.</doc>
<status status="PASS" starttime="20220428 10:39:47.156" endtime="20220428 10:39:47.442"/>
</kw>
<status status="PASS" starttime="20220428 10:39:47.155" endtime="20220428 10:39:47.442"/>
</kw>
<msg timestamp="20220428 10:39:47.442" level="INFO">${result} = True</msg>
<status status="PASS" starttime="20220428 10:39:47.154" endtime="20220428 10:39:47.443"/>
</kw>
<kw name="Run Keyword If" library="BuiltIn">
<arg>'${result}' == 'True'</arg>
<arg>click element</arg>
<arg>${BaseM}</arg>
<arg>ELSE</arg>
<arg>VerticleDownSwipe</arg>
<doc>Runs the given keyword with the given arguments, if ``condition`` is true.</doc>
<kw name="Click Element" library="AppiumLibrary">
<arg>${BaseM}</arg>
<doc>Click element identified by `locator`.</doc>
<msg timestamp="20220428 10:39:47.460" level="INFO">Clicking element 'xpath=//android.widget.TextView[@text='/ INR']'.</msg>
<status status="PASS" starttime="20220428 10:39:47.444" endtime="20220428 10:39:47.704"/>
</kw>
<status status="PASS" starttime="20220428 10:39:47.443" endtime="20220428 10:39:47.705"/>
</kw>
<kw name="Exit For Loop If" library="BuiltIn">
<arg>'${result}' == 'True'</arg>
<doc>Stops executing the enclosing FOR loop if the ``condition`` is true.</doc>
<msg timestamp="20220428 10:39:47.706" level="INFO">Exiting for loop altogether.</msg>
<status status="PASS" starttime="20220428 10:39:47.705" endtime="20220428 10:39:47.707"/>
</kw>
<status status="PASS" starttime="20220428 10:39:47.154" endtime="20220428 10:39:47.707"/>
</iter>
<status status="PASS" starttime="20220428 10:39:47.153" endtime="20220428 10:39:47.707"/>
</for>
<kw name="Sleep" library="BuiltIn">
<arg>2s</arg>
<doc>Pauses the test executed for the given time.</doc>
<msg timestamp="20220428 10:39:49.709" level="INFO">Slept 2 seconds</msg>
<status status="PASS" starttime="20220428 10:39:47.708" endtime="20220428 10:39:49.709"/>
</kw>
<status status="PASS" starttime="20220428 10:39:43.466" endtime="20220428 10:39:49.709"/>
</kw>
<kw name="Go Back" library="AppiumLibrary">
<doc>Goes one step backward in the browser history.</doc>
<status status="PASS" starttime="20220428 10:39:49.710" endtime="20220428 10:39:50.450"/>
</kw>
<kw name="Go Back" library="AppiumLibrary">
<doc>Goes one step backward in the browser history.</doc>
<status status="PASS" starttime="20220428 10:39:50.451" endtime="20220428 10:39:51.392"/>
</kw>
<tag>Exchange</tag>
<tag>Sanity</tag>
<status status="PASS" starttime="20220428 10:39:43.465" endtime="20220428 10:39:51.393"/>
</test>
<kw name="Close App" library="Common-Keywords" type="TEARDOWN">
<kw name="Close Application" library="AppiumLibrary">
<doc>Closes the current application and also close webdriver session.</doc>
<status status="PASS" starttime="20220428 10:39:51.396" endtime="20220428 10:39:53.010"/>
</kw>
<status status="PASS" starttime="20220428 10:39:51.396" endtime="20220428 10:39:53.011"/>
</kw>
<status status="PASS" starttime="20220428 10:23:10.581" endtime="20220428 10:39:53.011"/>
</suite>
<statistics>
<total>
<stat pass="12" fail="0" skip="0">All Tests</stat>
</total>
<tag>
<stat pass="10" fail="0" skip="0">Exchange</stat>
<stat pass="1" fail="0" skip="0">Favourites</stat>
<stat pass="11" fail="0" skip="0">Sanity</stat>
</tag>
<suite>
<stat pass="12" fail="0" skip="0" id="s1" name="Exchange">Exchange</stat>
</suite>
</statistics>
<errors>
<msg timestamp="20220428 10:23:10.662" level="WARN">Imported library '/Users/sumods/Desktop/wazirx-test-automation-suite-master/Common/Keywords/CustomLibrary.py' contains no keywords.</msg>
</errors>
</robot>
